mode: atomic
github.com/dsbissett/office-addin-mcp/internal/mcp/adapter.go:21.46,28.29 2 7
github.com/dsbissett/office-addin-mcp/internal/mcp/adapter.go:28.29,30.3 1 1
github.com/dsbissett/office-addin-mcp/internal/mcp/adapter.go:31.2,31.26 1 7
github.com/dsbissett/office-addin-mcp/internal/mcp/adapter.go:31.26,39.3 1 1
github.com/dsbissett/office-addin-mcp/internal/mcp/adapter.go:40.2,40.42 1 7
github.com/dsbissett/office-addin-mcp/internal/mcp/adapter.go:43.61,46.90 3 7
github.com/dsbissett/office-addin-mcp/internal/mcp/adapter.go:46.90,56.59 2 4
github.com/dsbissett/office-addin-mcp/internal/mcp/adapter.go:56.59,58.4 1 1
github.com/dsbissett/office-addin-mcp/internal/mcp/adapter.go:59.3,60.53 2 4
github.com/dsbissett/office-addin-mcp/internal/mcp/adapter.go:67.121,68.54 1 1
github.com/dsbissett/office-addin-mcp/internal/mcp/adapter.go:68.54,75.3 1 3
github.com/dsbissett/office-addin-mcp/internal/mcp/adapter.go:81.103,82.37 1 4
github.com/dsbissett/office-addin-mcp/internal/mcp/adapter.go:82.37,88.3 1 2
github.com/dsbissett/office-addin-mcp/internal/mcp/adapter.go:108.84,113.23 3 8
github.com/dsbissett/office-addin-mcp/internal/mcp/adapter.go:113.23,115.3 1 2
github.com/dsbissett/office-addin-mcp/internal/mcp/adapter.go:116.2,116.12 1 8
github.com/dsbissett/office-addin-mcp/internal/mcp/adapter.go:116.12,117.45 1 6
github.com/dsbissett/office-addin-mcp/internal/mcp/adapter.go:117.45,120.4 2 0
github.com/dsbissett/office-addin-mcp/internal/mcp/adapter.go:121.3,122.17 2 6
github.com/dsbissett/office-addin-mcp/internal/mcp/adapter.go:122.17,126.4 3 0
github.com/dsbissett/office-addin-mcp/internal/mcp/adapter.go:127.3,128.21 2 6
github.com/dsbissett/office-addin-mcp/internal/mcp/adapter.go:128.21,130.4 1 1
github.com/dsbissett/office-addin-mcp/internal/mcp/adapter.go:131.3,131.13 1 6
github.com/dsbissett/office-addin-mcp/internal/mcp/adapter.go:133.2,135.16 3 2
github.com/dsbissett/office-addin-mcp/internal/mcp/adapter.go:135.16,138.3 2 0
github.com/dsbissett/office-addin-mcp/internal/mcp/adapter.go:139.2,140.12 2 2
github.com/dsbissett/office-addin-mcp/internal/mcp/adapter.go:147.56,149.16 2 9
github.com/dsbissett/office-addin-mcp/internal/mcp/adapter.go:149.16,151.3 1 0
github.com/dsbissett/office-addin-mcp/internal/mcp/adapter.go:152.2,156.53 2 9
github.com/dsbissett/office-addin-mcp/internal/mcp/adapter.go:156.53,158.3 1 0
github.com/dsbissett/office-addin-mcp/internal/mcp/adapter.go:159.2,159.70 1 9
github.com/dsbissett/office-addin-mcp/internal/mcp/adapter.go:159.70,161.3 1 8
github.com/dsbissett/office-addin-mcp/internal/mcp/adapter.go:162.2,163.16 2 1
github.com/dsbissett/office-addin-mcp/internal/mcp/adapter.go:163.16,165.3 1 0
github.com/dsbissett/office-addin-mcp/internal/mcp/adapter.go:166.2,166.71 1 1
github.com/dsbissett/office-addin-mcp/internal/mcp/adapter.go:169.40,172.2 2 0
github.com/dsbissett/office-addin-mcp/internal/mcp/registry.go:24.40,39.2 14 3
github.com/dsbissett/office-addin-mcp/internal/mcp/resources.go:14.69,26.29 2 7
github.com/dsbissett/office-addin-mcp/internal/mcp/resources.go:26.29,29.103 2 35
github.com/dsbissett/office-addin-mcp/internal/mcp/resources.go:29.103,31.4 1 0
github.com/dsbissett/office-addin-mcp/internal/mcp/resources.go:34.3,42.79 3 35
github.com/dsbissett/office-addin-mcp/internal/mcp/resources.go:47.136,52.16 3 0
github.com/dsbissett/office-addin-mcp/internal/mcp/resources.go:52.16,55.3 2 0
github.com/dsbissett/office-addin-mcp/internal/mcp/resources.go:57.2,65.8 1 0
github.com/dsbissett/office-addin-mcp/internal/mcp/server.go:80.38,81.26 1 7
github.com/dsbissett/office-addin-mcp/internal/mcp/server.go:81.26,82.47 1 0
github.com/dsbissett/office-addin-mcp/internal/mcp/server.go:84.2,84.21 1 7
github.com/dsbissett/office-addin-mcp/internal/mcp/server.go:84.21,86.3 1 0
github.com/dsbissett/office-addin-mcp/internal/mcp/server.go:87.2,87.24 1 7
github.com/dsbissett/office-addin-mcp/internal/mcp/server.go:87.24,89.3 1 0
github.com/dsbissett/office-addin-mcp/internal/mcp/server.go:90.2,90.26 1 7
github.com/dsbissett/office-addin-mcp/internal/mcp/server.go:90.26,92.3 1 0
github.com/dsbissett/office-addin-mcp/internal/mcp/server.go:93.2,93.26 1 7
github.com/dsbissett/office-addin-mcp/internal/mcp/server.go:93.26,95.3 1 7
github.com/dsbissett/office-addin-mcp/internal/mcp/server.go:97.2,110.30 3 7
github.com/dsbissett/office-addin-mcp/internal/mcp/server.go:110.30,112.3 1 7
github.com/dsbissett/office-addin-mcp/internal/mcp/server.go:115.2,122.101 2 7
github.com/dsbissett/office-addin-mcp/internal/mcp/server.go:122.101,124.3 1 0
github.com/dsbissett/office-addin-mcp/internal/mcp/server.go:127.2,131.80 1 7
github.com/dsbissett/office-addin-mcp/internal/mcp/server.go:131.80,133.4 1 0
github.com/dsbissett/office-addin-mcp/internal/mcp/server.go:134.84,137.4 2 0
github.com/dsbissett/office-addin-mcp/internal/mcp/server.go:140.2,143.41 2 7
github.com/dsbissett/office-addin-mcp/internal/mcp/server.go:143.41,145.3 1 7
github.com/dsbissett/office-addin-mcp/internal/mcp/server.go:148.2,148.26 1 7
github.com/dsbissett/office-addin-mcp/internal/mcp/server.go:148.26,149.52 1 0
github.com/dsbissett/office-addin-mcp/internal/mcp/server.go:149.52,151.51 1 0
github.com/dsbissett/office-addin-mcp/internal/mcp/server.go:151.51,153.21 2 0
github.com/dsbissett/office-addin-mcp/internal/mcp/server.go:153.21,156.62 2 0
github.com/dsbissett/office-addin-mcp/internal/mcp/server.go:156.62,158.7 1 0
github.com/dsbissett/office-addin-mcp/internal/mcp/server.go:165.2,167.10 2 7
github.com/dsbissett/office-addin-mcp/internal/mcp/server.go:174.51,178.2 3 0
github.com/dsbissett/office-addin-mcp/internal/mcp/server.go:181.52,185.2 3 4
github.com/dsbissett/office-addin-mcp/internal/mcp/server.go:189.49,193.2 3 0
github.com/dsbissett/office-addin-mcp/internal/mcp/server.go:196.52,200.2 3 0
github.com/dsbissett/office-addin-mcp/internal/mcp/server.go:216.82,221.23 4 0
github.com/dsbissett/office-addin-mcp/internal/mcp/server.go:221.23,223.3 1 0
github.com/dsbissett/office-addin-mcp/internal/mcp/server.go:225.2,225.28 1 0
github.com/dsbissett/office-addin-mcp/internal/mcp/server.go:225.28,226.70 1 0
github.com/dsbissett/office-addin-mcp/internal/mcp/server.go:226.70,229.4 2 0
github.com/dsbissett/office-addin-mcp/internal/mcp/server.go:234.2,235.20 2 0
github.com/dsbissett/office-addin-mcp/internal/mcp/server.go:235.20,237.3 1 0
github.com/dsbissett/office-addin-mcp/internal/mcp/server.go:238.2,245.16 5 0
github.com/dsbissett/office-addin-mcp/internal/mcp/server.go:245.16,247.3 1 0
github.com/dsbissett/office-addin-mcp/internal/mcp/server.go:248.2,250.53 3 0
github.com/dsbissett/office-addin-mcp/internal/mcp/server.go:255.49,258.62 2 0
github.com/dsbissett/office-addin-mcp/internal/mcp/server.go:258.62,260.3 1 0
github.com/dsbissett/office-addin-mcp/internal/mcp/server.go:261.2,261.12 1 0
github.com/dsbissett/office-addin-mcp/internal/mcp/server.go:266.42,266.58 1 7
github.com/dsbissett/office-addin-mcp/internal/mcp/server.go:270.86,271.111 1 0
github.com/dsbissett/office-addin-mcp/internal/mcp/server.go:271.111,278.69 2 0
github.com/dsbissett/office-addin-mcp/internal/mcp/server.go:278.69,280.4 1 0
github.com/dsbissett/office-addin-mcp/internal/mcp/server.go:281.3,282.18 2 0
github.com/dsbissett/office-addin-mcp/internal/mcp/server.go:282.18,284.4 1 0
github.com/dsbissett/office-addin-mcp/internal/mcp/server.go:285.3,285.43 1 0
github.com/dsbissett/office-addin-mcp/internal/mcp/server.go:287.2,287.47 1 0
github.com/dsbissett/office-addin-mcp/internal/tools/macrotool/register.go:11.34,14.2 2 0
github.com/dsbissett/office-addin-mcp/internal/tools/macrotool/replay.go:17.137,30.90 3 0
github.com/dsbissett/office-addin-mcp/internal/tools/macrotool/replay.go:30.90,33.40 2 0
github.com/dsbissett/office-addin-mcp/internal/tools/macrotool/replay.go:33.40,40.19 4 0
github.com/dsbissett/office-addin-mcp/internal/tools/macrotool/replay.go:40.19,48.6 1 0
github.com/dsbissett/office-addin-mcp/internal/tools/macrotool/replay.go:51.5,52.26 2 0
github.com/dsbissett/office-addin-mcp/internal/tools/macrotool/replay.go:52.26,60.35 2 0
github.com/dsbissett/office-addin-mcp/internal/tools/macrotool/replay.go:60.35,61.44 1 0
github.com/dsbissett/office-addin-mcp/internal/tools/macrotool/replay.go:61.44,63.8 1 0
github.com/dsbissett/office-addin-mcp/internal/tools/macrotool/replay.go:65.6,71.7 1 0
github.com/dsbissett/office-addin-mcp/internal/tools/macrotool/replay.go:76.4,83.5 2 0
github.com/dsbissett/office-addin-mcp/internal/tools/macrotool/start.go:12.31,30.90 2 0
github.com/dsbissett/office-addin-mcp/internal/tools/macrotool/start.go:30.90,35.55 3 0
github.com/dsbissett/office-addin-mcp/internal/tools/macrotool/start.go:35.55,42.5 1 0
github.com/dsbissett/office-addin-mcp/internal/tools/macrotool/start.go:43.4,43.22 1 0
github.com/dsbissett/office-addin-mcp/internal/tools/macrotool/start.go:43.22,50.5 1 0
github.com/dsbissett/office-addin-mcp/internal/tools/macrotool/start.go:52.4,52.27 1 0
github.com/dsbissett/office-addin-mcp/internal/tools/macrotool/start.go:52.27,59.5 1 0
github.com/dsbissett/office-addin-mcp/internal/tools/macrotool/start.go:61.4,61.64 1 0
github.com/dsbissett/office-addin-mcp/internal/tools/macrotool/start.go:61.64,68.5 1 0
github.com/dsbissett/office-addin-mcp/internal/tools/macrotool/start.go:70.4,73.5 1 0
github.com/dsbissett/office-addin-mcp/internal/tools/macrotool/stop.go:12.30,18.90 1 0
github.com/dsbissett/office-addin-mcp/internal/tools/macrotool/stop.go:18.90,19.27 1 0
github.com/dsbissett/office-addin-mcp/internal/tools/macrotool/stop.go:19.27,26.5 1 0
github.com/dsbissett/office-addin-mcp/internal/tools/macrotool/stop.go:28.4,29.18 2 0
github.com/dsbissett/office-addin-mcp/internal/tools/macrotool/stop.go:29.18,36.5 1 0
github.com/dsbissett/office-addin-mcp/internal/tools/macrotool/stop.go:38.4,45.5 1 0
github.com/dsbissett/office-addin-mcp/internal/recorder/store.go:39.26,40.31 1 0
github.com/dsbissett/office-addin-mcp/internal/recorder/store.go:40.31,42.17 2 0
github.com/dsbissett/office-addin-mcp/internal/recorder/store.go:42.17,44.4 1 0
github.com/dsbissett/office-addin-mcp/internal/recorder/store.go:45.3,45.59 1 0
github.com/dsbissett/office-addin-mcp/internal/recorder/store.go:47.2,47.53 1 0
github.com/dsbissett/office-addin-mcp/internal/recorder/store.go:47.53,49.3 1 0
github.com/dsbissett/office-addin-mcp/internal/recorder/store.go:50.2,50.47 1 0
github.com/dsbissett/office-addin-mcp/internal/recorder/store.go:50.47,52.3 1 0
github.com/dsbissett/office-addin-mcp/internal/recorder/store.go:53.2,53.66 1 0
github.com/dsbissett/office-addin-mcp/internal/recorder/store.go:57.38,58.48 1 0
github.com/dsbissett/office-addin-mcp/internal/recorder/store.go:58.48,60.3 1 0
github.com/dsbissett/office-addin-mcp/internal/recorder/store.go:61.2,64.8 1 0
github.com/dsbissett/office-addin-mcp/internal/recorder/store.go:68.51,71.20 3 0
github.com/dsbissett/office-addin-mcp/internal/recorder/store.go:71.20,73.3 1 0
github.com/dsbissett/office-addin-mcp/internal/recorder/store.go:74.2,76.12 3 0
github.com/dsbissett/office-addin-mcp/internal/recorder/store.go:80.67,83.20 3 0
github.com/dsbissett/office-addin-mcp/internal/recorder/store.go:83.20,85.3 1 0
github.com/dsbissett/office-addin-mcp/internal/recorder/store.go:86.2,87.21 2 0
github.com/dsbissett/office-addin-mcp/internal/recorder/store.go:87.21,88.52 1 0
github.com/dsbissett/office-addin-mcp/internal/recorder/store.go:88.52,90.4 1 0
github.com/dsbissett/office-addin-mcp/internal/recorder/store.go:92.2,93.12 2 0
github.com/dsbissett/office-addin-mcp/internal/recorder/store.go:98.49,101.20 3 0
github.com/dsbissett/office-addin-mcp/internal/recorder/store.go:101.20,103.3 1 0
github.com/dsbissett/office-addin-mcp/internal/recorder/store.go:104.2,111.16 6 0
github.com/dsbissett/office-addin-mcp/internal/recorder/store.go:111.16,113.3 1 0
github.com/dsbissett/office-addin-mcp/internal/recorder/store.go:114.2,114.59 1 0
github.com/dsbissett/office-addin-mcp/internal/recorder/store.go:114.59,116.3 1 0
github.com/dsbissett/office-addin-mcp/internal/recorder/store.go:117.2,117.49 1 0
github.com/dsbissett/office-addin-mcp/internal/recorder/store.go:117.49,120.3 2 0
github.com/dsbissett/office-addin-mcp/internal/recorder/store.go:123.2,127.15 4 0
github.com/dsbissett/office-addin-mcp/internal/recorder/store.go:131.54,136.16 4 0
github.com/dsbissett/office-addin-mcp/internal/recorder/store.go:136.16,137.37 1 0
github.com/dsbissett/office-addin-mcp/internal/recorder/store.go:137.37,139.4 1 0
github.com/dsbissett/office-addin-mcp/internal/recorder/store.go:140.3,140.63 1 0
github.com/dsbissett/office-addin-mcp/internal/recorder/store.go:143.2,143.32 1 0
github.com/dsbissett/office-addin-mcp/internal/recorder/store.go:143.32,144.65 1 0
github.com/dsbissett/office-addin-mcp/internal/recorder/store.go:144.65,145.12 1 0
github.com/dsbissett/office-addin-mcp/internal/recorder/store.go:147.3,148.20 2 0
github.com/dsbissett/office-addin-mcp/internal/recorder/store.go:148.20,149.12 1 0
github.com/dsbissett/office-addin-mcp/internal/recorder/store.go:151.3,153.38 2 0
github.com/dsbissett/office-addin-mcp/internal/recorder/store.go:153.38,154.12 1 0
github.com/dsbissett/office-addin-mcp/internal/recorder/store.go:157.3,159.17 3 0
github.com/dsbissett/office-addin-mcp/internal/recorder/store.go:159.17,161.4 1 0
github.com/dsbissett/office-addin-mcp/internal/recorder/store.go:162.3,163.50 2 0
github.com/dsbissett/office-addin-mcp/internal/recorder/store.go:163.50,165.4 1 0
github.com/dsbissett/office-addin-mcp/internal/recorder/store.go:166.3,167.26 2 0
github.com/dsbissett/office-addin-mcp/internal/recorder/store.go:170.2,170.21 1 0
github.com/dsbissett/office-addin-mcp/internal/recorder/store.go:174.49,179.2 4 0
github.com/dsbissett/office-addin-mcp/internal/recorder/store.go:182.33,186.28 4 0
github.com/dsbissett/office-addin-mcp/internal/recorder/store.go:186.28,188.3 1 0
github.com/dsbissett/office-addin-mcp/internal/recorder/store.go:189.2,190.14 2 0
github.com/dsbissett/office-addin-mcp/internal/recorder/store.go:194.43,198.75 4 0
github.com/dsbissett/office-addin-mcp/internal/recorder/store.go:198.75,200.3 1 0
github.com/dsbissett/office-addin-mcp/internal/recorder/store.go:201.2,202.12 2 0
github.com/dsbissett/office-addin-mcp/internal/recorder/store.go:206.31,208.2 1 0
github.com/dsbissett/office-addin-mcp/internal/log/log.go:19.68,20.14 1 0
github.com/dsbissett/office-addin-mcp/internal/log/log.go:20.14,22.3 1 0
github.com/dsbissett/office-addin-mcp/internal/log/log.go:23.2,23.49 1 0
github.com/dsbissett/office-addin-mcp/internal/log/log.go:27.44,28.51 1 0
github.com/dsbissett/office-addin-mcp/internal/log/log.go:28.51,30.3 1 0
github.com/dsbissett/office-addin-mcp/internal/log/log.go:31.2,31.11 1 0
github.com/dsbissett/office-addin-mcp/internal/log/log.go:43.36,44.30 1 0
github.com/dsbissett/office-addin-mcp/internal/log/log.go:44.30,50.3 1 0
github.com/dsbissett/office-addin-mcp/internal/tools/pagetool/close.go:31.25,38.2 1 1
github.com/dsbissett/office-addin-mcp/internal/tools/pagetool/close.go:40.89,42.48 2 0
github.com/dsbissett/office-addin-mcp/internal/tools/pagetool/close.go:42.48,44.3 1 0
github.com/dsbissett/office-addin-mcp/internal/tools/pagetool/close.go:45.2,45.63 1 0
github.com/dsbissett/office-addin-mcp/internal/tools/pagetool/close.go:45.63,47.3 1 0
github.com/dsbissett/office-addin-mcp/internal/tools/pagetool/close.go:48.2,49.16 2 0
github.com/dsbissett/office-addin-mcp/internal/tools/pagetool/close.go:49.16,51.3 1 0
github.com/dsbissett/office-addin-mcp/internal/tools/pagetool/close.go:53.2,54.16 2 0
github.com/dsbissett/office-addin-mcp/internal/tools/pagetool/close.go:54.16,56.3 1 0
github.com/dsbissett/office-addin-mcp/internal/tools/pagetool/close.go:57.2,60.16 2 0
github.com/dsbissett/office-addin-mcp/internal/tools/pagetool/close.go:60.16,62.3 1 0
github.com/dsbissett/office-addin-mcp/internal/tools/pagetool/close.go:63.2,68.38 3 0
github.com/dsbissett/office-addin-mcp/internal/tools/pagetool/close.go:68.38,70.3 1 0
github.com/dsbissett/office-addin-mcp/internal/tools/pagetool/close.go:71.2,72.18 2 0
github.com/dsbissett/office-addin-mcp/internal/tools/pagetool/close.go:72.18,74.3 1 0
github.com/dsbissett/office-addin-mcp/internal/tools/pagetool/close.go:75.2,81.3 1 0
github.com/dsbissett/office-addin-mcp/internal/tools/pagetool/common.go:12.78,18.2 1 1
github.com/dsbissett/office-addin-mcp/internal/tools/pagetool/dialog.go:36.32,43.2 1 1
github.com/dsbissett/office-addin-mcp/internal/tools/pagetool/dialog.go:45.96,47.48 2 0
github.com/dsbissett/office-addin-mcp/internal/tools/pagetool/dialog.go:47.48,49.3 1 0
github.com/dsbissett/office-addin-mcp/internal/tools/pagetool/dialog.go:50.2,51.16 2 0
github.com/dsbissett/office-addin-mcp/internal/tools/pagetool/dialog.go:51.16,53.3 1 0
github.com/dsbissett/office-addin-mcp/internal/tools/pagetool/dialog.go:54.2,54.70 1 0
github.com/dsbissett/office-addin-mcp/internal/tools/pagetool/dialog.go:54.70,56.3 1 0
github.com/dsbissett/office-addin-mcp/internal/tools/pagetool/dialog.go:57.2,58.24 2 0
github.com/dsbissett/office-addin-mcp/internal/tools/pagetool/dialog.go:58.24,60.3 1 0
github.com/dsbissett/office-addin-mcp/internal/tools/pagetool/dialog.go:61.2,61.98 1 0
github.com/dsbissett/office-addin-mcp/internal/tools/pagetool/dialog.go:61.98,63.3 1 0
github.com/dsbissett/office-addin-mcp/internal/tools/pagetool/dialog.go:64.2,65.14 2 0
github.com/dsbissett/office-addin-mcp/internal/tools/pagetool/dialog.go:65.14,67.3 1 0
github.com/dsbissett/office-addin-mcp/internal/tools/pagetool/dialog.go:68.2,73.3 1 0
github.com/dsbissett/office-addin-mcp/internal/tools/pagetool/list.go:29.24,36.2 1 1
github.com/dsbissett/office-addin-mcp/internal/tools/pagetool/list.go:38.88,40.48 2 0
github.com/dsbissett/office-addin-mcp/internal/tools/pagetool/list.go:40.48,42.3 1 0
github.com/dsbissett/office-addin-mcp/internal/tools/pagetool/list.go:43.2,44.16 2 0
github.com/dsbissett/office-addin-mcp/internal/tools/pagetool/list.go:44.16,46.3 1 0
github.com/dsbissett/office-addin-mcp/internal/tools/pagetool/list.go:47.2,48.16 2 0
github.com/dsbissett/office-addin-mcp/internal/tools/pagetool/list.go:48.16,50.3 1 0
github.com/dsbissett/office-addin-mcp/internal/tools/pagetool/list.go:51.2,52.25 2 0
github.com/dsbissett/office-addin-mcp/internal/tools/pagetool/list.go:52.25,54.3 1 0
github.com/dsbissett/office-addin-mcp/internal/tools/pagetool/list.go:55.2,58.31 3 0
github.com/dsbissett/office-addin-mcp/internal/tools/pagetool/list.go:58.31,59.23 1 0
github.com/dsbissett/office-addin-mcp/internal/tools/pagetool/list.go:59.23,60.12 1 0
github.com/dsbissett/office-addin-mcp/internal/tools/pagetool/list.go:62.3,62.55 1 0
github.com/dsbissett/office-addin-mcp/internal/tools/pagetool/list.go:62.55,63.12 1 0
github.com/dsbissett/office-addin-mcp/internal/tools/pagetool/list.go:65.3,65.23 1 0
github.com/dsbissett/office-addin-mcp/internal/tools/pagetool/list.go:67.2,73.3 1 0
github.com/dsbissett/office-addin-mcp/internal/tools/pagetool/navigate.go:34.28,41.2 1 1
github.com/dsbissett/office-addin-mcp/internal/tools/pagetool/navigate.go:43.92,45.48 2 0
github.com/dsbissett/office-addin-mcp/internal/tools/pagetool/navigate.go:45.48,47.3 1 0
github.com/dsbissett/office-addin-mcp/internal/tools/pagetool/navigate.go:48.2,49.16 2 0
github.com/dsbissett/office-addin-mcp/internal/tools/pagetool/navigate.go:49.16,51.3 1 0
github.com/dsbissett/office-addin-mcp/internal/tools/pagetool/navigate.go:52.2,53.16 2 0
github.com/dsbissett/office-addin-mcp/internal/tools/pagetool/navigate.go:53.16,55.3 1 0
github.com/dsbissett/office-addin-mcp/internal/tools/pagetool/navigate.go:56.2,56.25 1 0
github.com/dsbissett/office-addin-mcp/internal/tools/pagetool/navigate.go:56.25,61.3 1 0
github.com/dsbissett/office-addin-mcp/internal/tools/pagetool/navigate.go:62.2,69.3 1 0
github.com/dsbissett/office-addin-mcp/internal/tools/pagetool/register.go:7.34,13.2 5 1
github.com/dsbissett/office-addin-mcp/internal/tools/pagetool/select.go:33.26,40.2 1 1
github.com/dsbissett/office-addin-mcp/internal/tools/pagetool/select.go:42.90,44.48 2 0
github.com/dsbissett/office-addin-mcp/internal/tools/pagetool/select.go:44.48,46.3 1 0
github.com/dsbissett/office-addin-mcp/internal/tools/pagetool/select.go:47.2,47.63 1 0
github.com/dsbissett/office-addin-mcp/internal/tools/pagetool/select.go:47.63,49.3 1 0
github.com/dsbissett/office-addin-mcp/internal/tools/pagetool/select.go:50.2,51.16 2 0
github.com/dsbissett/office-addin-mcp/internal/tools/pagetool/select.go:51.16,53.3 1 0
github.com/dsbissett/office-addin-mcp/internal/tools/pagetool/select.go:54.2,54.36 1 0
github.com/dsbissett/office-addin-mcp/internal/tools/pagetool/select.go:54.36,56.3 1 0
github.com/dsbissett/office-addin-mcp/internal/tools/pagetool/select.go:57.2,58.17 2 0
github.com/dsbissett/office-addin-mcp/internal/tools/pagetool/select.go:58.17,60.3 1 0
github.com/dsbissett/office-addin-mcp/internal/tools/pagetool/select.go:61.2,74.3 1 0
github.com/dsbissett/office-addin-mcp/internal/tools/powerpointtool/discover.go:27.28,35.2 1 2
github.com/dsbissett/office-addin-mcp/internal/tools/powerpointtool/discover.go:37.92,39.48 2 0
github.com/dsbissett/office-addin-mcp/internal/tools/powerpointtool/discover.go:39.48,41.3 1 0
github.com/dsbissett/office-addin-mcp/internal/tools/powerpointtool/discover.go:42.2,42.115 1 0
github.com/dsbissett/office-addin-mcp/internal/tools/powerpointtool/presentation.go:23.36,30.2 1 0
github.com/dsbissett/office-addin-mcp/internal/tools/powerpointtool/presentation.go:32.100,34.48 2 0
github.com/dsbissett/office-addin-mcp/internal/tools/powerpointtool/presentation.go:34.48,36.3 1 0
github.com/dsbissett/office-addin-mcp/internal/tools/powerpointtool/presentation.go:37.2,37.118 1 0
github.com/dsbissett/office-addin-mcp/internal/tools/powerpointtool/presentation.go:37.118,40.18 3 0
github.com/dsbissett/office-addin-mcp/internal/tools/powerpointtool/presentation.go:40.18,42.4 1 0
github.com/dsbissett/office-addin-mcp/internal/tools/powerpointtool/presentation.go:43.3,43.69 1 0
github.com/dsbissett/office-addin-mcp/internal/tools/powerpointtool/presentation.go:50.30,57.2 1 0
github.com/dsbissett/office-addin-mcp/internal/tools/powerpointtool/presentation.go:59.94,61.48 2 0
github.com/dsbissett/office-addin-mcp/internal/tools/powerpointtool/presentation.go:61.48,63.3 1 0
github.com/dsbissett/office-addin-mcp/internal/tools/powerpointtool/presentation.go:64.2,64.112 1 0
github.com/dsbissett/office-addin-mcp/internal/tools/powerpointtool/presentation.go:64.112,66.3 1 0
github.com/dsbissett/office-addin-mcp/internal/tools/powerpointtool/presentation.go:87.29,94.2 1 0
github.com/dsbissett/office-addin-mcp/internal/tools/powerpointtool/presentation.go:96.93,98.48 2 0
github.com/dsbissett/office-addin-mcp/internal/tools/powerpointtool/presentation.go:98.48,100.3 1 0
github.com/dsbissett/office-addin-mcp/internal/tools/powerpointtool/presentation.go:101.2,101.137 1 0
github.com/dsbissett/office-addin-mcp/internal/tools/powerpointtool/presentation.go:101.137,103.3 1 0
github.com/dsbissett/office-addin-mcp/internal/tools/powerpointtool/presentation.go:109.28,116.2 1 0
github.com/dsbissett/office-addin-mcp/internal/tools/powerpointtool/presentation.go:118.92,120.48 2 0
github.com/dsbissett/office-addin-mcp/internal/tools/powerpointtool/presentation.go:120.48,122.3 1 0
github.com/dsbissett/office-addin-mcp/internal/tools/powerpointtool/presentation.go:123.2,123.110 1 0
github.com/dsbissett/office-addin-mcp/internal/tools/powerpointtool/presentation.go:123.110,125.15 2 0
github.com/dsbissett/office-addin-mcp/internal/tools/powerpointtool/presentation.go:125.15,127.4 1 0
github.com/dsbissett/office-addin-mcp/internal/tools/powerpointtool/presentation.go:128.3,128.24 1 0
github.com/dsbissett/office-addin-mcp/internal/tools/powerpointtool/presentation.go:135.33,142.2 1 0
github.com/dsbissett/office-addin-mcp/internal/tools/powerpointtool/presentation.go:144.97,146.48 2 0
github.com/dsbissett/office-addin-mcp/internal/tools/powerpointtool/presentation.go:146.48,148.3 1 0
github.com/dsbissett/office-addin-mcp/internal/tools/powerpointtool/presentation.go:149.2,149.115 1 0
github.com/dsbissett/office-addin-mcp/internal/tools/powerpointtool/presentation.go:149.115,151.13 2 0
github.com/dsbissett/office-addin-mcp/internal/tools/powerpointtool/presentation.go:151.13,153.4 1 0
github.com/dsbissett/office-addin-mcp/internal/tools/powerpointtool/presentation.go:154.3,154.54 1 0
github.com/dsbissett/office-addin-mcp/internal/tools/powerpointtool/query.go:38.25,46.2 1 2
github.com/dsbissett/office-addin-mcp/internal/tools/powerpointtool/query.go:48.89,50.48 2 0
github.com/dsbissett/office-addin-mcp/internal/tools/powerpointtool/query.go:50.48,52.3 1 0
github.com/dsbissett/office-addin-mcp/internal/tools/powerpointtool/query.go:53.2,54.22 2 0
github.com/dsbissett/office-addin-mcp/internal/tools/powerpointtool/query.go:54.22,56.3 1 0
github.com/dsbissett/office-addin-mcp/internal/tools/powerpointtool/query.go:57.2,57.95 1 0
github.com/dsbissett/office-addin-mcp/internal/tools/powerpointtool/query.go:57.95,60.3 2 0
github.com/dsbissett/office-addin-mcp/internal/tools/powerpointtool/rebuild_slide_from_outline.go:33.43,40.2 1 2
github.com/dsbissett/office-addin-mcp/internal/tools/powerpointtool/rebuild_slide_from_outline.go:42.107,44.48 2 0
github.com/dsbissett/office-addin-mcp/internal/tools/powerpointtool/rebuild_slide_from_outline.go:44.48,46.3 1 0
github.com/dsbissett/office-addin-mcp/internal/tools/powerpointtool/rebuild_slide_from_outline.go:47.2,47.40 1 0
github.com/dsbissett/office-addin-mcp/internal/tools/powerpointtool/rebuild_slide_from_outline.go:47.40,49.3 1 0
github.com/dsbissett/office-addin-mcp/internal/tools/powerpointtool/rebuild_slide_from_outline.go:50.2,51.20 2 0
github.com/dsbissett/office-addin-mcp/internal/tools/powerpointtool/rebuild_slide_from_outline.go:51.20,53.3 1 0
github.com/dsbissett/office-addin-mcp/internal/tools/powerpointtool/rebuild_slide_from_outline.go:54.2,54.22 1 0
github.com/dsbissett/office-addin-mcp/internal/tools/powerpointtool/rebuild_slide_from_outline.go:54.22,56.3 1 0
github.com/dsbissett/office-addin-mcp/internal/tools/powerpointtool/rebuild_slide_from_outline.go:57.2,57.113 1 0
github.com/dsbissett/office-addin-mcp/internal/tools/powerpointtool/rebuild_slide_from_outline.go:57.113,60.51 3 0
github.com/dsbissett/office-addin-mcp/internal/tools/powerpointtool/rebuild_slide_from_outline.go:60.51,62.4 1 0
github.com/dsbissett/office-addin-mcp/internal/tools/powerpointtool/rebuild_slide_from_outline.go:63.3,63.97 1 0
github.com/dsbissett/office-addin-mcp/internal/tools/powerpointtool/register.go:10.34,15.2 4 2
github.com/dsbissett/office-addin-mcp/internal/tools/powerpointtool/runner.go:15.153,17.2 1 0
github.com/dsbissett/office-addin-mcp/internal/tools/powerpointtool/runner.go:23.41,25.9 2 0
github.com/dsbissett/office-addin-mcp/internal/tools/powerpointtool/runner.go:25.9,27.3 1 0
github.com/dsbissett/office-addin-mcp/internal/tools/powerpointtool/runner.go:28.2,29.9 2 0
github.com/dsbissett/office-addin-mcp/internal/tools/powerpointtool/runner.go:29.9,31.3 1 0
github.com/dsbissett/office-addin-mcp/internal/tools/powerpointtool/runner.go:32.2,32.17 1 0
github.com/dsbissett/office-addin-mcp/internal/tools/powerpointtool/runner.go:35.47,37.9 2 0
github.com/dsbissett/office-addin-mcp/internal/tools/powerpointtool/runner.go:37.9,39.3 1 0
github.com/dsbissett/office-addin-mcp/internal/tools/powerpointtool/runner.go:40.2,41.10 2 0
github.com/dsbissett/office-addin-mcp/internal/tools/powerpointtool/runner.go:44.56,46.9 2 0
github.com/dsbissett/office-addin-mcp/internal/tools/powerpointtool/runner.go:46.9,48.3 1 0
github.com/dsbissett/office-addin-mcp/internal/tools/powerpointtool/runner.go:49.2,50.14 2 0
github.com/dsbissett/office-addin-mcp/internal/tools/powerpointtool/script.go:30.29,37.2 1 2
github.com/dsbissett/office-addin-mcp/internal/tools/powerpointtool/script.go:39.93,41.48 2 0
github.com/dsbissett/office-addin-mcp/internal/tools/powerpointtool/script.go:41.48,43.3 1 0
github.com/dsbissett/office-addin-mcp/internal/tools/powerpointtool/script.go:44.2,45.27 2 0
github.com/dsbissett/office-addin-mcp/internal/tools/powerpointtool/script.go:45.27,47.3 1 0
github.com/dsbissett/office-addin-mcp/internal/tools/powerpointtool/script.go:48.2,48.96 1 0
github.com/dsbissett/office-addin-mcp/internal/tools/powerpointtool/script.go:48.96,50.3 1 0
github.com/dsbissett/office-addin-mcp/internal/tools/wordtool/apply_edits.go:43.30,50.2 1 2
github.com/dsbissett/office-addin-mcp/internal/tools/wordtool/apply_edits.go:52.94,54.48 2 0
github.com/dsbissett/office-addin-mcp/internal/tools/wordtool/apply_edits.go:54.48,56.3 1 0
github.com/dsbissett/office-addin-mcp/internal/tools/wordtool/apply_edits.go:57.2,57.23 1 0
github.com/dsbissett/office-addin-mcp/internal/tools/wordtool/apply_edits.go:57.23,59.3 1 0
github.com/dsbissett/office-addin-mcp/internal/tools/wordtool/apply_edits.go:60.2,61.94 2 0
github.com/dsbissett/office-addin-mcp/internal/tools/wordtool/apply_edits.go:61.94,63.41 2 0
github.com/dsbissett/office-addin-mcp/internal/tools/wordtool/apply_edits.go:63.41,64.41 1 0
github.com/dsbissett/office-addin-mcp/internal/tools/wordtool/apply_edits.go:64.41,65.27 1 0
github.com/dsbissett/office-addin-mcp/internal/tools/wordtool/apply_edits.go:65.27,66.42 1 0
github.com/dsbissett/office-addin-mcp/internal/tools/wordtool/apply_edits.go:66.42,67.48 1 0
github.com/dsbissett/office-addin-mcp/internal/tools/wordtool/apply_edits.go:67.48,69.8 1 0
github.com/dsbissett/office-addin-mcp/internal/tools/wordtool/apply_edits.go:74.3,74.90 1 0
github.com/dsbissett/office-addin-mcp/internal/tools/wordtool/discover.go:27.28,35.2 1 2
github.com/dsbissett/office-addin-mcp/internal/tools/wordtool/discover.go:37.92,39.48 2 0
github.com/dsbissett/office-addin-mcp/internal/tools/wordtool/discover.go:39.48,41.3 1 0
github.com/dsbissett/office-addin-mcp/internal/tools/wordtool/discover.go:42.2,42.97 1 0
github.com/dsbissett/office-addin-mcp/internal/tools/wordtool/document.go:23.28,30.2 1 0
github.com/dsbissett/office-addin-mcp/internal/tools/wordtool/document.go:32.92,34.48 2 0
github.com/dsbissett/office-addin-mcp/internal/tools/wordtool/document.go:34.48,36.3 1 0
github.com/dsbissett/office-addin-mcp/internal/tools/wordtool/document.go:37.2,37.104 1 0
github.com/dsbissett/office-addin-mcp/internal/tools/wordtool/document.go:37.104,39.17 2 0
github.com/dsbissett/office-addin-mcp/internal/tools/wordtool/document.go:39.17,41.4 1 0
github.com/dsbissett/office-addin-mcp/internal/tools/wordtool/document.go:42.3,42.74 1 0
github.com/dsbissett/office-addin-mcp/internal/tools/wordtool/document.go:66.29,73.2 1 0
github.com/dsbissett/office-addin-mcp/internal/tools/wordtool/document.go:75.93,77.48 2 0
github.com/dsbissett/office-addin-mcp/internal/tools/wordtool/document.go:77.48,79.3 1 0
github.com/dsbissett/office-addin-mcp/internal/tools/wordtool/document.go:80.2,81.20 2 0
github.com/dsbissett/office-addin-mcp/internal/tools/wordtool/document.go:81.20,83.3 1 0
github.com/dsbissett/office-addin-mcp/internal/tools/wordtool/document.go:84.2,85.90 2 0
github.com/dsbissett/office-addin-mcp/internal/tools/wordtool/document.go:85.90,87.3 1 0
github.com/dsbissett/office-addin-mcp/internal/tools/wordtool/document.go:95.34,102.2 1 0
github.com/dsbissett/office-addin-mcp/internal/tools/wordtool/document.go:104.98,106.48 2 0
github.com/dsbissett/office-addin-mcp/internal/tools/wordtool/document.go:106.48,108.3 1 0
github.com/dsbissett/office-addin-mcp/internal/tools/wordtool/document.go:109.2,109.110 1 0
github.com/dsbissett/office-addin-mcp/internal/tools/wordtool/document.go:109.110,111.3 1 0
github.com/dsbissett/office-addin-mcp/internal/tools/wordtool/document.go:134.35,141.2 1 0
github.com/dsbissett/office-addin-mcp/internal/tools/wordtool/document.go:143.99,145.48 2 0
github.com/dsbissett/office-addin-mcp/internal/tools/wordtool/document.go:145.48,147.3 1 0
github.com/dsbissett/office-addin-mcp/internal/tools/wordtool/document.go:148.2,149.20 2 0
github.com/dsbissett/office-addin-mcp/internal/tools/wordtool/document.go:149.20,151.3 1 0
github.com/dsbissett/office-addin-mcp/internal/tools/wordtool/document.go:152.2,153.99 2 0
github.com/dsbissett/office-addin-mcp/internal/tools/wordtool/document.go:153.99,155.18 2 0
github.com/dsbissett/office-addin-mcp/internal/tools/wordtool/document.go:155.18,157.4 1 0
github.com/dsbissett/office-addin-mcp/internal/tools/wordtool/document.go:158.3,158.51 1 0
github.com/dsbissett/office-addin-mcp/internal/tools/wordtool/document.go:165.33,172.2 1 0
github.com/dsbissett/office-addin-mcp/internal/tools/wordtool/document.go:174.97,176.48 2 0
github.com/dsbissett/office-addin-mcp/internal/tools/wordtool/document.go:176.48,178.3 1 0
github.com/dsbissett/office-addin-mcp/internal/tools/wordtool/document.go:179.2,179.109 1 0
github.com/dsbissett/office-addin-mcp/internal/tools/wordtool/document.go:179.109,181.17 2 0
github.com/dsbissett/office-addin-mcp/internal/tools/wordtool/document.go:181.17,183.4 1 0
github.com/dsbissett/office-addin-mcp/internal/tools/wordtool/document.go:184.3,184.67 1 0
github.com/dsbissett/office-addin-mcp/internal/tools/wordtool/document.go:210.30,217.2 1 0
github.com/dsbissett/office-addin-mcp/internal/tools/wordtool/document.go:219.94,221.48 2 0
github.com/dsbissett/office-addin-mcp/internal/tools/wordtool/document.go:221.48,223.3 1 0
github.com/dsbissett/office-addin-mcp/internal/tools/wordtool/document.go:224.2,225.24 2 0
github.com/dsbissett/office-addin-mcp/internal/tools/wordtool/document.go:225.24,227.3 1 0
github.com/dsbissett/office-addin-mcp/internal/tools/wordtool/document.go:228.2,228.29 1 0
github.com/dsbissett/office-addin-mcp/internal/tools/wordtool/document.go:228.29,230.3 1 0
github.com/dsbissett/office-addin-mcp/internal/tools/wordtool/document.go:231.2,231.94 1 0
github.com/dsbissett/office-addin-mcp/internal/tools/wordtool/document.go:231.94,233.3 1 0
github.com/dsbissett/office-addin-mcp/internal/tools/wordtool/document.go:239.34,246.2 1 0
github.com/dsbissett/office-addin-mcp/internal/tools/wordtool/document.go:248.98,250.48 2 0
github.com/dsbissett/office-addin-mcp/internal/tools/wordtool/document.go:250.48,252.3 1 0
github.com/dsbissett/office-addin-mcp/internal/tools/wordtool/document.go:253.2,253.110 1 0
github.com/dsbissett/office-addin-mcp/internal/tools/wordtool/document.go:253.110,255.18 2 0
github.com/dsbissett/office-addin-mcp/internal/tools/wordtool/document.go:255.18,257.4 1 0
github.com/dsbissett/office-addin-mcp/internal/tools/wordtool/document.go:258.3,258.37 1 0
github.com/dsbissett/office-addin-mcp/internal/tools/wordtool/register.go:10.34,14.2 3 2
github.com/dsbissett/office-addin-mcp/internal/tools/wordtool/runner.go:22.153,24.2 1 0
github.com/dsbissett/office-addin-mcp/internal/tools/wordtool/runner.go:32.41,34.9 2 0
github.com/dsbissett/office-addin-mcp/internal/tools/wordtool/runner.go:34.9,36.3 1 0
github.com/dsbissett/office-addin-mcp/internal/tools/wordtool/runner.go:37.2,38.9 2 0
github.com/dsbissett/office-addin-mcp/internal/tools/wordtool/runner.go:38.9,40.3 1 0
github.com/dsbissett/office-addin-mcp/internal/tools/wordtool/runner.go:41.2,41.17 1 0
github.com/dsbissett/office-addin-mcp/internal/tools/wordtool/runner.go:45.47,47.9 2 0
github.com/dsbissett/office-addin-mcp/internal/tools/wordtool/runner.go:47.9,49.3 1 0
github.com/dsbissett/office-addin-mcp/internal/tools/wordtool/runner.go:50.2,51.10 2 0
github.com/dsbissett/office-addin-mcp/internal/tools/wordtool/script.go:30.29,37.2 1 2
github.com/dsbissett/office-addin-mcp/internal/tools/wordtool/script.go:39.93,41.48 2 0
github.com/dsbissett/office-addin-mcp/internal/tools/wordtool/script.go:41.48,43.3 1 0
github.com/dsbissett/office-addin-mcp/internal/tools/wordtool/script.go:44.2,45.27 2 0
github.com/dsbissett/office-addin-mcp/internal/tools/wordtool/script.go:45.27,47.3 1 0
github.com/dsbissett/office-addin-mcp/internal/tools/wordtool/script.go:48.2,48.90 1 0
github.com/dsbissett/office-addin-mcp/internal/tools/wordtool/script.go:48.90,50.3 1 0
github.com/dsbissett/office-addin-mcp/internal/doccache/store.go:54.46,55.14 1 5
github.com/dsbissett/office-addin-mcp/internal/doccache/store.go:55.14,57.3 1 1
github.com/dsbissett/office-addin-mcp/internal/doccache/store.go:58.2,58.16 1 4
github.com/dsbissett/office-addin-mcp/internal/doccache/store.go:58.16,60.3 1 0
github.com/dsbissett/office-addin-mcp/internal/doccache/store.go:61.2,61.56 1 4
github.com/dsbissett/office-addin-mcp/internal/doccache/store.go:67.27,68.31 1 0
github.com/dsbissett/office-addin-mcp/internal/doccache/store.go:68.31,70.17 2 0
github.com/dsbissett/office-addin-mcp/internal/doccache/store.go:70.17,72.4 1 0
github.com/dsbissett/office-addin-mcp/internal/doccache/store.go:73.3,73.66 1 0
github.com/dsbissett/office-addin-mcp/internal/doccache/store.go:75.2,75.53 1 0
github.com/dsbissett/office-addin-mcp/internal/doccache/store.go:75.53,77.3 1 0
github.com/dsbissett/office-addin-mcp/internal/doccache/store.go:78.2,78.47 1 0
github.com/dsbissett/office-addin-mcp/internal/doccache/store.go:78.47,80.3 1 0
github.com/dsbissett/office-addin-mcp/internal/doccache/store.go:81.2,81.73 1 0
github.com/dsbissett/office-addin-mcp/internal/doccache/store.go:85.33,85.66 1 2
github.com/dsbissett/office-addin-mcp/internal/doccache/store.go:88.31,89.28 1 0
github.com/dsbissett/office-addin-mcp/internal/doccache/store.go:89.28,91.3 1 0
github.com/dsbissett/office-addin-mcp/internal/doccache/store.go:92.2,92.15 1 0
github.com/dsbissett/office-addin-mcp/internal/doccache/store.go:99.58,100.28 1 9
github.com/dsbissett/office-addin-mcp/internal/doccache/store.go:100.28,102.3 1 1
github.com/dsbissett/office-addin-mcp/internal/doccache/store.go:103.2,103.26 1 8
github.com/dsbissett/office-addin-mcp/internal/doccache/store.go:103.26,105.3 1 3
github.com/dsbissett/office-addin-mcp/internal/doccache/store.go:106.2,108.39 3 5
github.com/dsbissett/office-addin-mcp/internal/doccache/store.go:108.39,110.3 1 0
github.com/dsbissett/office-addin-mcp/internal/doccache/store.go:111.2,112.14 2 5
github.com/dsbissett/office-addin-mcp/internal/doccache/store.go:118.36,119.28 1 6
github.com/dsbissett/office-addin-mcp/internal/doccache/store.go:119.28,121.3 1 1
github.com/dsbissett/office-addin-mcp/internal/doccache/store.go:122.2,122.28 1 5
github.com/dsbissett/office-addin-mcp/internal/doccache/store.go:122.28,124.3 1 3
github.com/dsbissett/office-addin-mcp/internal/doccache/store.go:125.2,125.26 1 2
github.com/dsbissett/office-addin-mcp/internal/doccache/store.go:125.26,127.3 1 2
github.com/dsbissett/office-addin-mcp/internal/doccache/store.go:128.2,130.39 3 2
github.com/dsbissett/office-addin-mcp/internal/doccache/store.go:130.39,132.3 1 0
github.com/dsbissett/office-addin-mcp/internal/doccache/store.go:133.2,134.23 2 2
github.com/dsbissett/office-addin-mcp/internal/doccache/store.go:141.43,142.28 1 0
github.com/dsbissett/office-addin-mcp/internal/doccache/store.go:142.28,144.3 1 0
github.com/dsbissett/office-addin-mcp/internal/doccache/store.go:145.2,147.39 3 0
github.com/dsbissett/office-addin-mcp/internal/doccache/store.go:147.39,149.3 1 0
github.com/dsbissett/office-addin-mcp/internal/doccache/store.go:150.2,151.30 2 0
github.com/dsbissett/office-addin-mcp/internal/doccache/store.go:151.30,152.21 1 0
github.com/dsbissett/office-addin-mcp/internal/doccache/store.go:152.21,154.4 1 0
github.com/dsbissett/office-addin-mcp/internal/doccache/store.go:156.2,156.32 1 0
github.com/dsbissett/office-addin-mcp/internal/doccache/store.go:156.32,157.37 1 0
github.com/dsbissett/office-addin-mcp/internal/doccache/store.go:157.37,158.48 1 0
github.com/dsbissett/office-addin-mcp/internal/doccache/store.go:158.48,160.5 1 0
github.com/dsbissett/office-addin-mcp/internal/doccache/store.go:163.2,163.12 1 0
github.com/dsbissett/office-addin-mcp/internal/doccache/store.go:167.57,168.28 1 1
github.com/dsbissett/office-addin-mcp/internal/doccache/store.go:168.28,170.3 1 0
github.com/dsbissett/office-addin-mcp/internal/doccache/store.go:171.2,173.39 3 1
github.com/dsbissett/office-addin-mcp/internal/doccache/store.go:173.39,175.3 1 0
github.com/dsbissett/office-addin-mcp/internal/doccache/store.go:176.2,177.23 2 1
github.com/dsbissett/office-addin-mcp/internal/doccache/store.go:180.36,181.14 1 8
github.com/dsbissett/office-addin-mcp/internal/doccache/store.go:181.14,183.3 1 5
github.com/dsbissett/office-addin-mcp/internal/doccache/store.go:184.2,185.22 2 3
github.com/dsbissett/office-addin-mcp/internal/doccache/store.go:185.22,187.3 1 0
github.com/dsbissett/office-addin-mcp/internal/doccache/store.go:188.2,189.16 2 3
github.com/dsbissett/office-addin-mcp/internal/doccache/store.go:189.16,190.37 1 2
github.com/dsbissett/office-addin-mcp/internal/doccache/store.go:190.37,192.4 1 2
github.com/dsbissett/office-addin-mcp/internal/doccache/store.go:193.3,193.58 1 0
github.com/dsbissett/office-addin-mcp/internal/doccache/store.go:195.2,196.49 2 1
github.com/dsbissett/office-addin-mcp/internal/doccache/store.go:196.49,198.3 1 0
github.com/dsbissett/office-addin-mcp/internal/doccache/store.go:199.2,199.31 1 1
github.com/dsbissett/office-addin-mcp/internal/doccache/store.go:199.31,201.3 1 1
github.com/dsbissett/office-addin-mcp/internal/doccache/store.go:202.2,202.12 1 1
github.com/dsbissett/office-addin-mcp/internal/doccache/store.go:205.36,206.65 1 3
github.com/dsbissett/office-addin-mcp/internal/doccache/store.go:206.65,208.3 1 0
github.com/dsbissett/office-addin-mcp/internal/doccache/store.go:209.2,210.30 2 3
github.com/dsbissett/office-addin-mcp/internal/doccache/store.go:210.30,212.3 1 2
github.com/dsbissett/office-addin-mcp/internal/doccache/store.go:213.2,214.16 2 3
github.com/dsbissett/office-addin-mcp/internal/doccache/store.go:214.16,216.3 1 0
github.com/dsbissett/office-addin-mcp/internal/doccache/store.go:217.2,218.16 2 3
github.com/dsbissett/office-addin-mcp/internal/doccache/store.go:218.16,220.3 1 0
github.com/dsbissett/office-addin-mcp/internal/doccache/store.go:221.2,222.42 2 3
github.com/dsbissett/office-addin-mcp/internal/doccache/store.go:222.42,226.3 3 0
github.com/dsbissett/office-addin-mcp/internal/doccache/store.go:227.2,227.36 1 3
github.com/dsbissett/office-addin-mcp/internal/doccache/store.go:227.36,230.3 2 0
github.com/dsbissett/office-addin-mcp/internal/doccache/store.go:231.2,231.49 1 3
github.com/dsbissett/office-addin-mcp/internal/doccache/store.go:231.49,234.3 2 0
github.com/dsbissett/office-addin-mcp/internal/doccache/store.go:235.2,235.51 1 3
github.com/dsbissett/office-addin-mcp/internal/doccache/store.go:235.51,238.3 2 0
github.com/dsbissett/office-addin-mcp/internal/doccache/store.go:239.2,239.12 1 3
github.com/dsbissett/office-addin-mcp/internal/doccache/store.go:245.31,246.13 1 13
github.com/dsbissett/office-addin-mcp/internal/doccache/store.go:246.13,248.3 1 2
github.com/dsbissett/office-addin-mcp/internal/doccache/store.go:249.2,252.51 2 11
github.com/dsbissett/office-addin-mcp/internal/doccache/store.go:255.40,255.75 1 9
github.com/dsbissett/office-addin-mcp/internal/tools/outlooktool/discover.go:27.28,35.2 1 2
github.com/dsbissett/office-addin-mcp/internal/tools/outlooktool/discover.go:37.92,39.48 2 0
github.com/dsbissett/office-addin-mcp/internal/tools/outlooktool/discover.go:39.48,41.3 1 0
github.com/dsbissett/office-addin-mcp/internal/tools/outlooktool/discover.go:42.2,42.106 1 0
github.com/dsbissett/office-addin-mcp/internal/tools/outlooktool/draft_reply.go:32.30,39.2 1 2
github.com/dsbissett/office-addin-mcp/internal/tools/outlooktool/draft_reply.go:41.94,43.48 2 0
github.com/dsbissett/office-addin-mcp/internal/tools/outlooktool/draft_reply.go:43.48,45.3 1 0
github.com/dsbissett/office-addin-mcp/internal/tools/outlooktool/draft_reply.go:46.2,46.39 1 0
github.com/dsbissett/office-addin-mcp/internal/tools/outlooktool/draft_reply.go:46.39,48.3 1 0
github.com/dsbissett/office-addin-mcp/internal/tools/outlooktool/draft_reply.go:49.2,50.22 2 0
github.com/dsbissett/office-addin-mcp/internal/tools/outlooktool/draft_reply.go:50.22,52.3 1 0
github.com/dsbissett/office-addin-mcp/internal/tools/outlooktool/draft_reply.go:53.2,53.19 1 0
github.com/dsbissett/office-addin-mcp/internal/tools/outlooktool/draft_reply.go:53.19,55.3 1 0
github.com/dsbissett/office-addin-mcp/internal/tools/outlooktool/draft_reply.go:56.2,56.73 1 0
github.com/dsbissett/office-addin-mcp/internal/tools/outlooktool/draft_reply.go:56.73,58.3 1 0
github.com/dsbissett/office-addin-mcp/internal/tools/outlooktool/draft_reply.go:59.2,59.94 1 0
github.com/dsbissett/office-addin-mcp/internal/tools/outlooktool/draft_reply.go:59.94,61.23 2 0
github.com/dsbissett/office-addin-mcp/internal/tools/outlooktool/draft_reply.go:61.23,63.4 1 0
github.com/dsbissett/office-addin-mcp/internal/tools/outlooktool/draft_reply.go:64.3,64.20 1 0
github.com/dsbissett/office-addin-mcp/internal/tools/outlooktool/draft_reply.go:64.20,66.4 1 0
github.com/dsbissett/office-addin-mcp/internal/tools/outlooktool/draft_reply.go:67.3,67.67 1 0
github.com/dsbissett/office-addin-mcp/internal/tools/outlooktool/mailbox.go:23.28,30.2 1 0
github.com/dsbissett/office-addin-mcp/internal/tools/outlooktool/mailbox.go:32.92,34.48 2 0
github.com/dsbissett/office-addin-mcp/internal/tools/outlooktool/mailbox.go:34.48,36.3 1 0
github.com/dsbissett/office-addin-mcp/internal/tools/outlooktool/mailbox.go:37.2,37.107 1 0
github.com/dsbissett/office-addin-mcp/internal/tools/outlooktool/mailbox.go:37.107,39.17 2 0
github.com/dsbissett/office-addin-mcp/internal/tools/outlooktool/mailbox.go:39.17,41.4 1 0
github.com/dsbissett/office-addin-mcp/internal/tools/outlooktool/mailbox.go:42.3,42.30 1 0
github.com/dsbissett/office-addin-mcp/internal/tools/outlooktool/mailbox.go:63.27,70.2 1 0
github.com/dsbissett/office-addin-mcp/internal/tools/outlooktool/mailbox.go:72.91,74.48 2 0
github.com/dsbissett/office-addin-mcp/internal/tools/outlooktool/mailbox.go:74.48,76.3 1 0
github.com/dsbissett/office-addin-mcp/internal/tools/outlooktool/mailbox.go:77.2,78.26 2 0
github.com/dsbissett/office-addin-mcp/internal/tools/outlooktool/mailbox.go:78.26,80.3 1 0
github.com/dsbissett/office-addin-mcp/internal/tools/outlooktool/mailbox.go:81.2,81.94 1 0
github.com/dsbissett/office-addin-mcp/internal/tools/outlooktool/mailbox.go:81.94,85.3 3 0
github.com/dsbissett/office-addin-mcp/internal/tools/outlooktool/mailbox.go:108.27,115.2 1 0
github.com/dsbissett/office-addin-mcp/internal/tools/outlooktool/mailbox.go:117.91,119.48 2 0
github.com/dsbissett/office-addin-mcp/internal/tools/outlooktool/mailbox.go:119.48,121.3 1 0
github.com/dsbissett/office-addin-mcp/internal/tools/outlooktool/mailbox.go:122.2,123.26 2 0
github.com/dsbissett/office-addin-mcp/internal/tools/outlooktool/mailbox.go:123.26,125.3 1 0
github.com/dsbissett/office-addin-mcp/internal/tools/outlooktool/mailbox.go:126.2,126.91 1 0
github.com/dsbissett/office-addin-mcp/internal/tools/outlooktool/mailbox.go:126.91,128.3 1 0
github.com/dsbissett/office-addin-mcp/internal/tools/outlooktool/mailbox.go:134.30,141.2 1 0
github.com/dsbissett/office-addin-mcp/internal/tools/outlooktool/mailbox.go:143.94,145.48 2 0
github.com/dsbissett/office-addin-mcp/internal/tools/outlooktool/mailbox.go:145.48,147.3 1 0
github.com/dsbissett/office-addin-mcp/internal/tools/outlooktool/mailbox.go:148.2,148.109 1 0
github.com/dsbissett/office-addin-mcp/internal/tools/outlooktool/mailbox.go:148.109,151.17 3 0
github.com/dsbissett/office-addin-mcp/internal/tools/outlooktool/mailbox.go:151.17,153.4 1 0
github.com/dsbissett/office-addin-mcp/internal/tools/outlooktool/mailbox.go:154.3,154.53 1 0
github.com/dsbissett/office-addin-mcp/internal/tools/outlooktool/mailbox.go:176.30,183.2 1 0
github.com/dsbissett/office-addin-mcp/internal/tools/outlooktool/mailbox.go:185.94,187.48 2 0
github.com/dsbissett/office-addin-mcp/internal/tools/outlooktool/mailbox.go:187.48,189.3 1 0
github.com/dsbissett/office-addin-mcp/internal/tools/outlooktool/mailbox.go:190.2,190.126 1 0
github.com/dsbissett/office-addin-mcp/internal/tools/outlooktool/mailbox.go:190.126,192.3 1 0
github.com/dsbissett/office-addin-mcp/internal/tools/outlooktool/mailbox.go:198.33,205.2 1 0
github.com/dsbissett/office-addin-mcp/internal/tools/outlooktool/mailbox.go:207.97,209.48 2 0
github.com/dsbissett/office-addin-mcp/internal/tools/outlooktool/mailbox.go:209.48,211.3 1 0
github.com/dsbissett/office-addin-mcp/internal/tools/outlooktool/mailbox.go:212.2,212.112 1 0
github.com/dsbissett/office-addin-mcp/internal/tools/outlooktool/mailbox.go:212.112,214.3 1 0
github.com/dsbissett/office-addin-mcp/internal/tools/outlooktool/query.go:36.25,44.2 1 2
github.com/dsbissett/office-addin-mcp/internal/tools/outlooktool/query.go:46.89,48.48 2 0
github.com/dsbissett/office-addin-mcp/internal/tools/outlooktool/query.go:48.48,50.3 1 0
github.com/dsbissett/office-addin-mcp/internal/tools/outlooktool/query.go:51.2,52.22 2 0
github.com/dsbissett/office-addin-mcp/internal/tools/outlooktool/query.go:52.22,54.3 1 0
github.com/dsbissett/office-addin-mcp/internal/tools/outlooktool/query.go:55.2,55.92 1 0
github.com/dsbissett/office-addin-mcp/internal/tools/outlooktool/query.go:55.92,58.3 2 0
github.com/dsbissett/office-addin-mcp/internal/tools/outlooktool/register.go:10.34,15.2 4 2
github.com/dsbissett/office-addin-mcp/internal/tools/outlooktool/runner.go:16.153,18.2 1 0
github.com/dsbissett/office-addin-mcp/internal/tools/outlooktool/runner.go:24.41,26.9 2 0
github.com/dsbissett/office-addin-mcp/internal/tools/outlooktool/runner.go:26.9,28.3 1 0
github.com/dsbissett/office-addin-mcp/internal/tools/outlooktool/runner.go:29.2,30.9 2 0
github.com/dsbissett/office-addin-mcp/internal/tools/outlooktool/runner.go:30.9,32.3 1 0
github.com/dsbissett/office-addin-mcp/internal/tools/outlooktool/runner.go:33.2,33.17 1 0
github.com/dsbissett/office-addin-mcp/internal/tools/outlooktool/runner.go:36.47,38.9 2 0
github.com/dsbissett/office-addin-mcp/internal/tools/outlooktool/runner.go:38.9,40.3 1 0
github.com/dsbissett/office-addin-mcp/internal/tools/outlooktool/runner.go:41.2,42.10 2 0
github.com/dsbissett/office-addin-mcp/internal/tools/outlooktool/script.go:30.29,37.2 1 2
github.com/dsbissett/office-addin-mcp/internal/tools/outlooktool/script.go:39.93,41.48 2 0
github.com/dsbissett/office-addin-mcp/internal/tools/outlooktool/script.go:41.48,43.3 1 0
github.com/dsbissett/office-addin-mcp/internal/tools/outlooktool/script.go:44.2,45.27 2 0
github.com/dsbissett/office-addin-mcp/internal/tools/outlooktool/script.go:45.27,47.3 1 0
github.com/dsbissett/office-addin-mcp/internal/tools/outlooktool/script.go:48.2,48.93 1 0
github.com/dsbissett/office-addin-mcp/internal/tools/outlooktool/script.go:48.93,50.3 1 0
github.com/dsbissett/office-addin-mcp/internal/officejs/executor.go:27.38,28.21 1 0
github.com/dsbissett/office-addin-mcp/internal/officejs/executor.go:28.21,30.3 1 0
github.com/dsbissett/office-addin-mcp/internal/officejs/executor.go:31.2,31.45 1 0
github.com/dsbissett/office-addin-mcp/internal/officejs/executor.go:39.44,39.96 1 0
github.com/dsbissett/office-addin-mcp/internal/officejs/executor.go:48.54,50.2 1 5
github.com/dsbissett/office-addin-mcp/internal/officejs/executor.go:56.97,58.16 2 5
github.com/dsbissett/office-addin-mcp/internal/officejs/executor.go:58.16,60.3 1 1
github.com/dsbissett/office-addin-mcp/internal/officejs/executor.go:61.2,62.16 2 4
github.com/dsbissett/office-addin-mcp/internal/officejs/executor.go:62.16,64.3 1 0
github.com/dsbissett/office-addin-mcp/internal/officejs/executor.go:65.2,66.16 2 4
github.com/dsbissett/office-addin-mcp/internal/officejs/executor.go:66.16,68.3 1 0
github.com/dsbissett/office-addin-mcp/internal/officejs/executor.go:69.2,77.16 3 4
github.com/dsbissett/office-addin-mcp/internal/officejs/executor.go:77.16,79.3 1 1
github.com/dsbissett/office-addin-mcp/internal/officejs/executor.go:80.2,80.33 1 3
github.com/dsbissett/office-addin-mcp/internal/officejs/executor.go:80.33,82.3 1 1
github.com/dsbissett/office-addin-mcp/internal/officejs/executor.go:83.2,83.53 1 2
github.com/dsbissett/office-addin-mcp/internal/officejs/executor.go:83.53,85.24 2 0
github.com/dsbissett/office-addin-mcp/internal/officejs/executor.go:85.24,87.4 1 0
github.com/dsbissett/office-addin-mcp/internal/officejs/executor.go:88.3,88.80 1 0
github.com/dsbissett/office-addin-mcp/internal/officejs/executor.go:91.2,98.68 2 2
github.com/dsbissett/office-addin-mcp/internal/officejs/executor.go:98.68,100.3 1 0
github.com/dsbissett/office-addin-mcp/internal/officejs/executor.go:101.2,101.26 1 2
github.com/dsbissett/office-addin-mcp/internal/officejs/executor.go:101.26,107.3 1 1
github.com/dsbissett/office-addin-mcp/internal/officejs/executor.go:108.2,108.29 1 1
github.com/dsbissett/office-addin-mcp/internal/officejs/executor.go:115.40,117.16 2 5
github.com/dsbissett/office-addin-mcp/internal/officejs/executor.go:117.16,119.3 1 0
github.com/dsbissett/office-addin-mcp/internal/officejs/executor.go:120.2,120.23 1 5
github.com/dsbissett/office-addin-mcp/internal/officejs/executor.go:135.72,137.2 1 4
github.com/dsbissett/office-addin-mcp/internal/officejs/payloads.go:38.22,41.2 2 3
github.com/dsbissett/office-addin-mcp/internal/officejs/payloads.go:43.27,46.2 2 13
github.com/dsbissett/office-addin-mcp/internal/officejs/payloads.go:48.13,52.82 3 1
github.com/dsbissett/office-addin-mcp/internal/officejs/payloads.go:52.82,53.17 1 88
github.com/dsbissett/office-addin-mcp/internal/officejs/payloads.go:53.17,55.4 1 0
github.com/dsbissett/office-addin-mcp/internal/officejs/payloads.go:56.3,56.16 1 88
github.com/dsbissett/office-addin-mcp/internal/officejs/payloads.go:56.16,58.4 1 1
github.com/dsbissett/office-addin-mcp/internal/officejs/payloads.go:59.3,59.38 1 87
github.com/dsbissett/office-addin-mcp/internal/officejs/payloads.go:59.38,61.4 1 0
github.com/dsbissett/office-addin-mcp/internal/officejs/payloads.go:62.3,63.17 2 87
github.com/dsbissett/office-addin-mcp/internal/officejs/payloads.go:63.17,65.4 1 0
github.com/dsbissett/office-addin-mcp/internal/officejs/payloads.go:66.3,67.27 2 87
github.com/dsbissett/office-addin-mcp/internal/officejs/payloads.go:67.27,70.4 2 1
github.com/dsbissett/office-addin-mcp/internal/officejs/payloads.go:71.3,72.17 2 86
github.com/dsbissett/office-addin-mcp/internal/officejs/payloads.go:72.17,74.4 1 0
github.com/dsbissett/office-addin-mcp/internal/officejs/payloads.go:75.3,77.13 3 86
github.com/dsbissett/office-addin-mcp/internal/officejs/payloads.go:79.2,79.16 1 1
github.com/dsbissett/office-addin-mcp/internal/officejs/payloads.go:79.16,82.3 2 0
github.com/dsbissett/office-addin-mcp/internal/officejs/payloads.go:83.2,83.23 1 1
github.com/dsbissett/office-addin-mcp/internal/officejs/payloads.go:83.23,86.3 2 0
github.com/dsbissett/office-addin-mcp/internal/officejs/payloads.go:90.50,91.39 1 5
github.com/dsbissett/office-addin-mcp/internal/officejs/payloads.go:91.39,93.3 1 0
github.com/dsbissett/office-addin-mcp/internal/officejs/payloads.go:94.2,95.9 2 5
github.com/dsbissett/office-addin-mcp/internal/officejs/payloads.go:95.9,97.3 1 1
github.com/dsbissett/office-addin-mcp/internal/officejs/payloads.go:98.2,98.18 1 4
github.com/dsbissett/office-addin-mcp/internal/officejs/payloads.go:102.33,103.39 1 5
github.com/dsbissett/office-addin-mcp/internal/officejs/payloads.go:103.39,105.3 1 0
github.com/dsbissett/office-addin-mcp/internal/officejs/payloads.go:106.2,106.25 1 5
github.com/dsbissett/office-addin-mcp/internal/officejs/payloads.go:110.23,111.39 1 1
github.com/dsbissett/office-addin-mcp/internal/officejs/payloads.go:111.39,113.3 1 0
github.com/dsbissett/office-addin-mcp/internal/officejs/payloads.go:114.2,115.31 2 1
github.com/dsbissett/office-addin-mcp/internal/officejs/payloads.go:115.31,117.3 1 86
github.com/dsbissett/office-addin-mcp/internal/officejs/payloads.go:118.2,118.12 1 1
github.com/dsbissett/office-addin-mcp/internal/officejs/payloads.go:122.59,123.39 1 2
github.com/dsbissett/office-addin-mcp/internal/officejs/payloads.go:123.39,125.3 1 0
github.com/dsbissett/office-addin-mcp/internal/officejs/payloads.go:126.2,126.43 1 2
github.com/dsbissett/office-addin-mcp/internal/officejs/payloads.go:126.43,128.3 1 0
github.com/dsbissett/office-addin-mcp/internal/officejs/payloads.go:129.2,129.39 1 2
github.com/dsbissett/office-addin-mcp/internal/officejs/payloads.go:134.50,137.36 3 93
github.com/dsbissett/office-addin-mcp/internal/officejs/payloads.go:137.36,139.3 1 3
github.com/dsbissett/office-addin-mcp/internal/officejs/payloads.go:140.2,142.43 3 90
github.com/dsbissett/office-addin-mcp/internal/officejs/payloads.go:146.32,149.26 3 90
github.com/dsbissett/office-addin-mcp/internal/officejs/payloads.go:149.26,150.14 1 188
github.com/dsbissett/office-addin-mcp/internal/officejs/payloads.go:150.14,151.12 1 0
github.com/dsbissett/office-addin-mcp/internal/officejs/payloads.go:153.3,153.13 1 188
github.com/dsbissett/office-addin-mcp/internal/officejs/payloads.go:153.13,155.12 2 90
github.com/dsbissett/office-addin-mcp/internal/officejs/payloads.go:157.3,158.23 2 98
github.com/dsbissett/office-addin-mcp/internal/officejs/payloads.go:160.2,160.19 1 90
github.com/dsbissett/office-addin-mcp/internal/officejs/payloads.go:165.46,167.23 2 86
github.com/dsbissett/office-addin-mcp/internal/officejs/payloads.go:167.23,169.3 1 13
github.com/dsbissett/office-addin-mcp/internal/officejs/payloads.go:170.2,171.28 2 73
github.com/dsbissett/office-addin-mcp/internal/officejs/payloads.go:171.28,173.3 1 73
github.com/dsbissett/office-addin-mcp/internal/officejs/payloads.go:174.2,174.12 1 73
github.com/dsbissett/office-addin-mcp/internal/resources/provider.go:33.79,35.16 2 0
github.com/dsbissett/office-addin-mcp/internal/resources/provider.go:35.16,37.3 1 0
github.com/dsbissett/office-addin-mcp/internal/resources/provider.go:39.2,42.21 3 0
github.com/dsbissett/office-addin-mcp/internal/resources/provider.go:43.15,44.41 1 0
github.com/dsbissett/office-addin-mcp/internal/resources/provider.go:45.14,46.40 1 0
github.com/dsbissett/office-addin-mcp/internal/resources/provider.go:47.17,48.43 1 0
github.com/dsbissett/office-addin-mcp/internal/resources/provider.go:49.12,50.46 1 0
github.com/dsbissett/office-addin-mcp/internal/resources/provider.go:51.17,52.43 1 0
github.com/dsbissett/office-addin-mcp/internal/resources/provider.go:53.10,54.58 1 0
github.com/dsbissett/office-addin-mcp/internal/resources/provider.go:58.2,59.16 2 0
github.com/dsbissett/office-addin-mcp/internal/resources/provider.go:59.16,61.3 1 0
github.com/dsbissett/office-addin-mcp/internal/resources/provider.go:63.2,70.13 3 0
github.com/dsbissett/office-addin-mcp/internal/resources/provider.go:70.13,72.3 1 0
github.com/dsbissett/office-addin-mcp/internal/resources/provider.go:75.2,76.16 2 0
github.com/dsbissett/office-addin-mcp/internal/resources/provider.go:76.16,78.3 1 0
github.com/dsbissett/office-addin-mcp/internal/resources/provider.go:80.2,83.8 1 0
github.com/dsbissett/office-addin-mcp/internal/resources/provider.go:88.74,92.28 2 0
github.com/dsbissett/office-addin-mcp/internal/resources/provider.go:92.28,94.3 1 0
github.com/dsbissett/office-addin-mcp/internal/resources/provider.go:94.8,94.35 1 0
github.com/dsbissett/office-addin-mcp/internal/resources/provider.go:94.35,96.3 1 0
github.com/dsbissett/office-addin-mcp/internal/resources/provider.go:98.2,100.3 1 0
github.com/dsbissett/office-addin-mcp/internal/resources/provider.go:105.73,117.61 2 0
github.com/dsbissett/office-addin-mcp/internal/resources/provider.go:117.61,127.3 2 0
github.com/dsbissett/office-addin-mcp/internal/resources/provider.go:129.2,131.3 1 0
github.com/dsbissett/office-addin-mcp/internal/resources/provider.go:136.76,139.27 2 0
github.com/dsbissett/office-addin-mcp/internal/resources/provider.go:139.27,141.3 1 0
github.com/dsbissett/office-addin-mcp/internal/resources/provider.go:143.2,146.3 1 0
github.com/dsbissett/office-addin-mcp/internal/resources/provider.go:151.79,155.28 2 0
github.com/dsbissett/office-addin-mcp/internal/resources/provider.go:155.28,157.60 2 0
github.com/dsbissett/office-addin-mcp/internal/resources/provider.go:157.60,159.4 1 0
github.com/dsbissett/office-addin-mcp/internal/resources/provider.go:162.2,165.3 1 0
github.com/dsbissett/office-addin-mcp/internal/resources/provider.go:170.76,175.2 1 0
github.com/dsbissett/office-addin-mcp/internal/resources/provider.go:179.81,181.16 2 0
github.com/dsbissett/office-addin-mcp/internal/resources/provider.go:181.16,183.3 1 0
github.com/dsbissett/office-addin-mcp/internal/resources/provider.go:185.2,195.13 4 0
github.com/dsbissett/office-addin-mcp/internal/resources/provider.go:195.13,197.3 1 0
github.com/dsbissett/office-addin-mcp/internal/resources/provider.go:201.2,202.9 2 0
github.com/dsbissett/office-addin-mcp/internal/resources/provider.go:202.9,204.3 1 0
github.com/dsbissett/office-addin-mcp/internal/resources/provider.go:206.2,207.9 2 0
github.com/dsbissett/office-addin-mcp/internal/resources/provider.go:207.9,209.3 1 0
github.com/dsbissett/office-addin-mcp/internal/resources/provider.go:211.2,211.25 1 0
github.com/dsbissett/office-addin-mcp/internal/resources/uri.go:28.47,33.16 3 15
github.com/dsbissett/office-addin-mcp/internal/resources/uri.go:33.16,35.3 1 0
github.com/dsbissett/office-addin-mcp/internal/resources/uri.go:37.2,37.26 1 15
github.com/dsbissett/office-addin-mcp/internal/resources/uri.go:37.26,39.3 1 1
github.com/dsbissett/office-addin-mcp/internal/resources/uri.go:43.2,43.18 1 14
github.com/dsbissett/office-addin-mcp/internal/resources/uri.go:43.18,45.3 1 1
github.com/dsbissett/office-addin-mcp/internal/resources/uri.go:48.2,49.14 2 13
github.com/dsbissett/office-addin-mcp/internal/resources/uri.go:50.51,51.21 1 12
github.com/dsbissett/office-addin-mcp/internal/resources/uri.go:52.10,53.53 1 1
github.com/dsbissett/office-addin-mcp/internal/resources/uri.go:57.2,57.18 1 12
github.com/dsbissett/office-addin-mcp/internal/resources/uri.go:57.18,60.35 2 11
github.com/dsbissett/office-addin-mcp/internal/resources/uri.go:60.35,61.22 1 24
github.com/dsbissett/office-addin-mcp/internal/resources/uri.go:61.22,63.5 1 24
github.com/dsbissett/office-addin-mcp/internal/resources/uri.go:67.2,67.20 1 12
github.com/dsbissett/office-addin-mcp/internal/resources/uri.go:71.37,72.23 1 5
github.com/dsbissett/office-addin-mcp/internal/resources/uri.go:72.23,74.3 1 0
github.com/dsbissett/office-addin-mcp/internal/resources/uri.go:75.2,75.74 1 5
github.com/dsbissett/office-addin-mcp/internal/resources/watcher.go:28.84,35.2 1 0
github.com/dsbissett/office-addin-mcp/internal/resources/watcher.go:40.68,43.16 2 0
github.com/dsbissett/office-addin-mcp/internal/resources/watcher.go:43.16,45.3 1 0
github.com/dsbissett/office-addin-mcp/internal/resources/watcher.go:47.2,49.32 2 0
github.com/dsbissett/office-addin-mcp/internal/resources/watcher.go:49.32,53.3 3 0
github.com/dsbissett/office-addin-mcp/internal/resources/watcher.go:56.2,70.12 6 0
github.com/dsbissett/office-addin-mcp/internal/resources/watcher.go:74.43,77.9 3 0
github.com/dsbissett/office-addin-mcp/internal/resources/watcher.go:77.9,80.3 2 0
github.com/dsbissett/office-addin-mcp/internal/resources/watcher.go:81.2,86.12 4 0
github.com/dsbissett/office-addin-mcp/internal/resources/watcher.go:90.27,93.29 3 0
github.com/dsbissett/office-addin-mcp/internal/resources/watcher.go:93.29,95.3 1 0
github.com/dsbissett/office-addin-mcp/internal/resources/watcher.go:96.2,99.27 3 0
github.com/dsbissett/office-addin-mcp/internal/resources/watcher.go:99.27,102.3 2 0
github.com/dsbissett/office-addin-mcp/internal/resources/watcher.go:106.64,112.6 4 0
github.com/dsbissett/office-addin-mcp/internal/resources/watcher.go:112.6,113.10 1 0
github.com/dsbissett/office-addin-mcp/internal/resources/watcher.go:114.21,115.10 1 0
github.com/dsbissett/office-addin-mcp/internal/resources/watcher.go:116.19,118.18 2 0
github.com/dsbissett/office-addin-mcp/internal/resources/watcher.go:118.18,120.13 2 0
github.com/dsbissett/office-addin-mcp/internal/resources/watcher.go:123.4,127.19 4 0
github.com/dsbissett/office-addin-mcp/internal/resources/watcher.go:127.19,134.24 5 0
github.com/dsbissett/office-addin-mcp/internal/resources/watcher.go:134.24,136.6 1 0
github.com/dsbissett/office-addin-mcp/internal/addin/manifest.go:66.52,68.16 2 3
github.com/dsbissett/office-addin-mcp/internal/addin/manifest.go:68.16,70.3 1 0
github.com/dsbissett/office-addin-mcp/internal/addin/manifest.go:71.2,72.9 2 3
github.com/dsbissett/office-addin-mcp/internal/addin/manifest.go:73.39,75.17 2 1
github.com/dsbissett/office-addin-mcp/internal/addin/manifest.go:75.17,77.4 1 0
github.com/dsbissett/office-addin-mcp/internal/addin/manifest.go:78.3,80.16 3 1
github.com/dsbissett/office-addin-mcp/internal/addin/manifest.go:81.39,83.17 2 1
github.com/dsbissett/office-addin-mcp/internal/addin/manifest.go:83.17,85.4 1 0
github.com/dsbissett/office-addin-mcp/internal/addin/manifest.go:86.3,88.16 3 1
github.com/dsbissett/office-addin-mcp/internal/addin/manifest.go:89.10,90.33 1 1
github.com/dsbissett/office-addin-mcp/internal/addin/manifest.go:175.55,177.50 2 1
github.com/dsbissett/office-addin-mcp/internal/addin/manifest.go:177.50,179.3 1 0
github.com/dsbissett/office-addin-mcp/internal/addin/manifest.go:180.2,184.36 2 1
github.com/dsbissett/office-addin-mcp/internal/addin/manifest.go:184.36,185.19 1 1
github.com/dsbissett/office-addin-mcp/internal/addin/manifest.go:185.19,187.4 1 1
github.com/dsbissett/office-addin-mcp/internal/addin/manifest.go:189.2,189.47 1 1
github.com/dsbissett/office-addin-mcp/internal/addin/manifest.go:189.47,190.19 1 1
github.com/dsbissett/office-addin-mcp/internal/addin/manifest.go:190.19,191.12 1 0
github.com/dsbissett/office-addin-mcp/internal/addin/manifest.go:193.3,193.98 1 1
github.com/dsbissett/office-addin-mcp/internal/addin/manifest.go:197.2,197.86 1 1
github.com/dsbissett/office-addin-mcp/internal/addin/manifest.go:197.86,201.3 1 1
github.com/dsbissett/office-addin-mcp/internal/addin/manifest.go:203.2,203.33 1 1
github.com/dsbissett/office-addin-mcp/internal/addin/manifest.go:203.33,205.63 2 1
github.com/dsbissett/office-addin-mcp/internal/addin/manifest.go:205.63,207.4 1 2
github.com/dsbissett/office-addin-mcp/internal/addin/manifest.go:208.3,208.65 1 1
github.com/dsbissett/office-addin-mcp/internal/addin/manifest.go:208.65,209.20 1 0
github.com/dsbissett/office-addin-mcp/internal/addin/manifest.go:209.20,210.13 1 0
github.com/dsbissett/office-addin-mcp/internal/addin/manifest.go:212.4,212.116 1 0
github.com/dsbissett/office-addin-mcp/internal/addin/manifest.go:214.3,214.54 1 1
github.com/dsbissett/office-addin-mcp/internal/addin/manifest.go:214.54,215.57 1 1
github.com/dsbissett/office-addin-mcp/internal/addin/manifest.go:215.57,216.65 1 1
github.com/dsbissett/office-addin-mcp/internal/addin/manifest.go:216.65,218.6 1 0
github.com/dsbissett/office-addin-mcp/internal/addin/manifest.go:219.5,219.70 1 1
github.com/dsbissett/office-addin-mcp/internal/addin/manifest.go:219.70,221.6 1 1
github.com/dsbissett/office-addin-mcp/internal/addin/manifest.go:222.5,222.72 1 1
github.com/dsbissett/office-addin-mcp/internal/addin/manifest.go:222.72,224.6 1 1
github.com/dsbissett/office-addin-mcp/internal/addin/manifest.go:226.4,226.43 1 1
github.com/dsbissett/office-addin-mcp/internal/addin/manifest.go:226.43,227.55 1 0
github.com/dsbissett/office-addin-mcp/internal/addin/manifest.go:227.55,229.48 2 0
github.com/dsbissett/office-addin-mcp/internal/addin/manifest.go:229.48,231.7 1 0
github.com/dsbissett/office-addin-mcp/internal/addin/manifest.go:232.6,232.100 1 0
github.com/dsbissett/office-addin-mcp/internal/addin/manifest.go:237.2,237.15 1 1
github.com/dsbissett/office-addin-mcp/internal/addin/manifest.go:240.58,242.9 2 0
github.com/dsbissett/office-addin-mcp/internal/addin/manifest.go:243.48,244.23 1 0
github.com/dsbissett/office-addin-mcp/internal/addin/manifest.go:245.41,246.22 1 0
github.com/dsbissett/office-addin-mcp/internal/addin/manifest.go:247.44,248.21 1 0
github.com/dsbissett/office-addin-mcp/internal/addin/manifest.go:250.2,250.57 1 0
github.com/dsbissett/office-addin-mcp/internal/addin/manifest.go:287.56,289.51 2 1
github.com/dsbissett/office-addin-mcp/internal/addin/manifest.go:289.51,291.3 1 0
github.com/dsbissett/office-addin-mcp/internal/addin/manifest.go:292.2,293.9 2 1
github.com/dsbissett/office-addin-mcp/internal/addin/manifest.go:294.29,295.34 1 0
github.com/dsbissett/office-addin-mcp/internal/addin/manifest.go:296.27,297.32 1 1
github.com/dsbissett/office-addin-mcp/internal/addin/manifest.go:298.10,299.33 1 0
github.com/dsbissett/office-addin-mcp/internal/addin/manifest.go:301.2,301.37 1 1
github.com/dsbissett/office-addin-mcp/internal/addin/manifest.go:301.37,302.49 1 1
github.com/dsbissett/office-addin-mcp/internal/addin/manifest.go:302.49,304.4 1 1
github.com/dsbissett/office-addin-mcp/internal/addin/manifest.go:305.3,305.51 1 1
github.com/dsbissett/office-addin-mcp/internal/addin/manifest.go:305.51,306.20 1 1
github.com/dsbissett/office-addin-mcp/internal/addin/manifest.go:306.20,307.13 1 0
github.com/dsbissett/office-addin-mcp/internal/addin/manifest.go:309.4,309.116 1 1
github.com/dsbissett/office-addin-mcp/internal/addin/manifest.go:311.3,311.35 1 1
github.com/dsbissett/office-addin-mcp/internal/addin/manifest.go:311.35,312.26 1 2
github.com/dsbissett/office-addin-mcp/internal/addin/manifest.go:312.26,314.45 2 2
github.com/dsbissett/office-addin-mcp/internal/addin/manifest.go:314.45,316.6 1 1
github.com/dsbissett/office-addin-mcp/internal/addin/manifest.go:317.5,317.121 1 2
github.com/dsbissett/office-addin-mcp/internal/addin/manifest.go:319.4,319.28 1 2
github.com/dsbissett/office-addin-mcp/internal/addin/manifest.go:319.28,321.5 1 1
github.com/dsbissett/office-addin-mcp/internal/addin/manifest.go:324.2,324.41 1 1
github.com/dsbissett/office-addin-mcp/internal/addin/manifest.go:324.41,326.3 1 0
github.com/dsbissett/office-addin-mcp/internal/addin/manifest.go:327.2,327.15 1 1
github.com/dsbissett/office-addin-mcp/internal/addin/manifest.go:334.8,335.28 1 2
github.com/dsbissett/office-addin-mcp/internal/addin/manifest.go:335.28,336.98 1 2
github.com/dsbissett/office-addin-mcp/internal/addin/manifest.go:336.98,338.4 1 1
github.com/dsbissett/office-addin-mcp/internal/addin/manifest.go:340.2,340.14 1 1
github.com/dsbissett/office-addin-mcp/internal/addin/manifest.go:343.43,344.32 1 1
github.com/dsbissett/office-addin-mcp/internal/addin/manifest.go:345.18,346.20 1 1
github.com/dsbissett/office-addin-mcp/internal/addin/manifest.go:347.18,348.20 1 0
github.com/dsbissett/office-addin-mcp/internal/addin/manifest.go:349.22,350.24 1 0
github.com/dsbissett/office-addin-mcp/internal/addin/manifest.go:351.17,352.19 1 0
github.com/dsbissett/office-addin-mcp/internal/addin/manifest.go:353.10,354.15 1 0
github.com/dsbissett/office-addin-mcp/internal/addin/manifest.go:358.72,359.17 1 3
github.com/dsbissett/office-addin-mcp/internal/addin/manifest.go:359.17,361.3 1 1
github.com/dsbissett/office-addin-mcp/internal/addin/manifest.go:362.2,363.20 2 2
github.com/dsbissett/office-addin-mcp/internal/addin/manifest.go:363.20,365.3 1 0
github.com/dsbissett/office-addin-mcp/internal/addin/manifest.go:366.2,366.16 1 2
github.com/dsbissett/office-addin-mcp/internal/addin/manifest.go:374.36,375.15 1 9
github.com/dsbissett/office-addin-mcp/internal/addin/manifest.go:375.15,377.3 1 0
github.com/dsbissett/office-addin-mcp/internal/addin/manifest.go:378.2,379.37 2 9
github.com/dsbissett/office-addin-mcp/internal/addin/manifest.go:379.37,383.3 2 1
github.com/dsbissett/office-addin-mcp/internal/addin/manifest.go:384.2,385.25 2 8
github.com/dsbissett/office-addin-mcp/internal/addin/manifest.go:385.25,387.3 1 1
github.com/dsbissett/office-addin-mcp/internal/addin/manifest.go:388.2,388.24 1 7
github.com/dsbissett/office-addin-mcp/internal/addin/manifest.go:391.58,392.13 1 1
github.com/dsbissett/office-addin-mcp/internal/addin/manifest.go:392.13,394.3 1 0
github.com/dsbissett/office-addin-mcp/internal/addin/manifest.go:395.2,395.24 1 1
github.com/dsbissett/office-addin-mcp/internal/addin/manifest.go:395.24,396.13 1 0
github.com/dsbissett/office-addin-mcp/internal/addin/manifest.go:396.13,398.4 1 0
github.com/dsbissett/office-addin-mcp/internal/addin/manifest.go:400.2,400.23 1 1
github.com/dsbissett/office-addin-mcp/internal/addin/manifest.go:403.87,404.24 1 1
github.com/dsbissett/office-addin-mcp/internal/addin/manifest.go:404.24,405.23 1 0
github.com/dsbissett/office-addin-mcp/internal/addin/manifest.go:405.23,407.4 1 0
github.com/dsbissett/office-addin-mcp/internal/addin/manifest.go:409.2,409.23 1 1
github.com/dsbissett/office-addin-mcp/internal/addin/manifest.go:412.62,413.17 1 5
github.com/dsbissett/office-addin-mcp/internal/addin/manifest.go:413.17,415.3 1 0
github.com/dsbissett/office-addin-mcp/internal/addin/manifest.go:416.2,416.24 1 5
github.com/dsbissett/office-addin-mcp/internal/addin/manifest.go:416.24,417.41 1 6
github.com/dsbissett/office-addin-mcp/internal/addin/manifest.go:417.41,419.4 1 0
github.com/dsbissett/office-addin-mcp/internal/addin/manifest.go:421.2,421.23 1 5
github.com/dsbissett/office-addin-mcp/internal/addin/manifest.go:424.39,426.2 1 0
github.com/dsbissett/office-addin-mcp/internal/addin/requirements.go:46.75,48.27 2 0
github.com/dsbissett/office-addin-mcp/internal/addin/requirements.go:48.27,50.25 2 0
github.com/dsbissett/office-addin-mcp/internal/addin/requirements.go:50.25,51.56 1 0
github.com/dsbissett/office-addin-mcp/internal/addin/requirements.go:51.56,53.10 2 0
github.com/dsbissett/office-addin-mcp/internal/addin/requirements.go:56.3,56.12 1 0
github.com/dsbissett/office-addin-mcp/internal/addin/requirements.go:56.12,58.4 1 0
github.com/dsbissett/office-addin-mcp/internal/addin/requirements.go:60.2,60.12 1 0
github.com/dsbissett/office-addin-mcp/internal/addin/targets.go:27.87,29.21 2 2
github.com/dsbissett/office-addin-mcp/internal/addin/targets.go:29.21,31.49 2 1
github.com/dsbissett/office-addin-mcp/internal/addin/targets.go:31.49,33.4 1 1
github.com/dsbissett/office-addin-mcp/internal/addin/targets.go:36.2,37.28 2 2
github.com/dsbissett/office-addin-mcp/internal/addin/targets.go:37.28,39.22 2 8
github.com/dsbissett/office-addin-mcp/internal/addin/targets.go:39.22,42.4 2 4
github.com/dsbissett/office-addin-mcp/internal/addin/targets.go:43.3,44.24 2 8
github.com/dsbissett/office-addin-mcp/internal/addin/targets.go:46.2,46.12 1 2
github.com/dsbissett/office-addin-mcp/internal/addin/targets.go:52.86,53.28 1 8
github.com/dsbissett/office-addin-mcp/internal/addin/targets.go:53.28,54.22 1 7
github.com/dsbissett/office-addin-mcp/internal/addin/targets.go:54.22,55.12 1 0
github.com/dsbissett/office-addin-mcp/internal/addin/targets.go:57.3,57.42 1 7
github.com/dsbissett/office-addin-mcp/internal/addin/targets.go:57.42,60.4 2 2
github.com/dsbissett/office-addin-mcp/internal/addin/targets.go:62.2,62.33 1 6
github.com/dsbissett/office-addin-mcp/internal/addin/targets.go:67.50,68.9 1 6
github.com/dsbissett/office-addin-mcp/internal/addin/targets.go:69.20,70.12 1 0
github.com/dsbissett/office-addin-mcp/internal/addin/targets.go:74.40,75.12 1 2
github.com/dsbissett/office-addin-mcp/internal/addin/targets.go:76.59,77.23 1 1
github.com/dsbissett/office-addin-mcp/internal/addin/targets.go:79.60,80.26 1 1
github.com/dsbissett/office-addin-mcp/internal/addin/targets.go:81.83,82.25 1 2
github.com/dsbissett/office-addin-mcp/internal/addin/targets.go:83.10,84.12 1 0
github.com/dsbissett/office-addin-mcp/internal/addin/targets.go:90.95,91.31 1 2
github.com/dsbissett/office-addin-mcp/internal/addin/targets.go:91.31,92.27 1 4
github.com/dsbissett/office-addin-mcp/internal/addin/targets.go:92.27,94.4 1 1
github.com/dsbissett/office-addin-mcp/internal/addin/targets.go:96.2,96.34 1 1
github.com/dsbissett/office-addin-mcp/internal/tools/officetool/discover.go:36.16,38.16 2 0
github.com/dsbissett/office-addin-mcp/internal/tools/officetool/discover.go:38.16,43.3 1 0
github.com/dsbissett/office-addin-mcp/internal/tools/officetool/discover.go:44.2,46.16 3 0
github.com/dsbissett/office-addin-mcp/internal/tools/officetool/discover.go:46.16,48.3 1 0
github.com/dsbissett/office-addin-mcp/internal/tools/officetool/discover.go:50.2,54.57 2 0
github.com/dsbissett/office-addin-mcp/internal/tools/officetool/discover.go:54.57,56.3 1 0
github.com/dsbissett/office-addin-mcp/internal/tools/officetool/discover.go:58.2,60.61 3 0
github.com/dsbissett/office-addin-mcp/internal/tools/officetool/discover.go:60.61,62.60 2 0
github.com/dsbissett/office-addin-mcp/internal/tools/officetool/discover.go:62.60,64.4 1 0
github.com/dsbissett/office-addin-mcp/internal/tools/officetool/discover.go:65.3,68.4 1 0
github.com/dsbissett/office-addin-mcp/internal/tools/officetool/discover.go:71.2,76.17 1 0
github.com/dsbissett/office-addin-mcp/internal/tools/officetool/discover.go:76.17,83.3 3 0
github.com/dsbissett/office-addin-mcp/internal/tools/officetool/discover.go:84.2,85.57 2 0
github.com/dsbissett/office-addin-mcp/internal/tools/officetool/discover.go:85.57,87.3 1 0
github.com/dsbissett/office-addin-mcp/internal/tools/officetool/discover.go:88.2,91.3 1 0
github.com/dsbissett/office-addin-mcp/internal/tools/officetool/discover.go:94.88,96.40 2 0
github.com/dsbissett/office-addin-mcp/internal/tools/officetool/discover.go:96.40,97.23 1 0
github.com/dsbissett/office-addin-mcp/internal/tools/officetool/discover.go:97.23,99.4 1 0
github.com/dsbissett/office-addin-mcp/internal/tools/officetool/discover.go:100.8,102.3 1 0
github.com/dsbissett/office-addin-mcp/internal/tools/officetool/discover.go:103.2,106.12 4 0
github.com/dsbissett/office-addin-mcp/internal/tools/officetool/discover.go:109.68,111.27 2 0
github.com/dsbissett/office-addin-mcp/internal/tools/officetool/discover.go:111.27,113.30 2 0
github.com/dsbissett/office-addin-mcp/internal/tools/officetool/discover.go:113.30,115.50 2 0
github.com/dsbissett/office-addin-mcp/internal/tools/officetool/discover.go:115.50,117.5 1 0
github.com/dsbissett/office-addin-mcp/internal/tools/officetool/discover.go:119.3,120.17 2 0
github.com/dsbissett/office-addin-mcp/internal/tools/officetool/discover.go:120.17,122.4 1 0
github.com/dsbissett/office-addin-mcp/internal/tools/officetool/discover.go:123.3,125.13 3 0
github.com/dsbissett/office-addin-mcp/internal/tools/officetool/discover.go:127.2,128.25 2 0
github.com/dsbissett/office-addin-mcp/internal/tools/officetool/discover.go:128.25,133.3 1 0
github.com/dsbissett/office-addin-mcp/internal/tools/officetool/discover.go:134.2,136.12 3 0
github.com/dsbissett/office-addin-mcp/internal/tools/officetool/embed.go:80.25,87.2 1 1
github.com/dsbissett/office-addin-mcp/internal/tools/officetool/embed.go:89.89,91.48 2 0
github.com/dsbissett/office-addin-mcp/internal/tools/officetool/embed.go:91.48,93.3 1 0
github.com/dsbissett/office-addin-mcp/internal/tools/officetool/embed.go:95.2,97.16 3 0
github.com/dsbissett/office-addin-mcp/internal/tools/officetool/embed.go:97.16,99.3 1 0
github.com/dsbissett/office-addin-mcp/internal/tools/officetool/embed.go:100.2,102.26 3 0
github.com/dsbissett/office-addin-mcp/internal/tools/officetool/embed.go:102.26,104.3 1 0
github.com/dsbissett/office-addin-mcp/internal/tools/officetool/embed.go:105.2,106.16 2 0
github.com/dsbissett/office-addin-mcp/internal/tools/officetool/embed.go:106.16,108.3 1 0
github.com/dsbissett/office-addin-mcp/internal/tools/officetool/embed.go:109.2,110.57 2 0
github.com/dsbissett/office-addin-mcp/internal/tools/officetool/embed.go:110.57,112.3 1 0
github.com/dsbissett/office-addin-mcp/internal/tools/officetool/embed.go:113.2,114.22 2 0
github.com/dsbissett/office-addin-mcp/internal/tools/officetool/embed.go:114.22,116.3 1 0
github.com/dsbissett/office-addin-mcp/internal/tools/officetool/embed.go:118.2,120.16 3 0
github.com/dsbissett/office-addin-mcp/internal/tools/officetool/embed.go:120.16,122.3 1 0
github.com/dsbissett/office-addin-mcp/internal/tools/officetool/embed.go:123.2,128.26 3 0
github.com/dsbissett/office-addin-mcp/internal/tools/officetool/embed.go:128.26,130.3 1 0
[...]
github.com/dsbissett/office-addin-mcp/internal/cdp/target.go:28.50,30.3 1 0
github.com/dsbissett/office-addin-mcp/internal/cdp/target.go:31.2,31.29 1 0
github.com/dsbissett/office-addin-mcp/internal/cdp/target.go:35.91,40.16 2 0
github.com/dsbissett/office-addin-mcp/internal/cdp/target.go:40.16,42.3 1 0
github.com/dsbissett/office-addin-mcp/internal/cdp/target.go:43.2,46.50 2 0
github.com/dsbissett/office-addin-mcp/internal/cdp/target.go:46.50,48.3 1 0
github.com/dsbissett/office-addin-mcp/internal/cdp/target.go:49.2,49.27 1 0
github.com/dsbissett/office-addin-mcp/internal/cdp/target.go:53.84,55.16 2 0
github.com/dsbissett/office-addin-mcp/internal/cdp/target.go:55.16,57.3 1 0
github.com/dsbissett/office-addin-mcp/internal/cdp/target.go:58.2,61.50 2 0
github.com/dsbissett/office-addin-mcp/internal/cdp/target.go:61.50,63.3 1 0
github.com/dsbissett/office-addin-mcp/internal/cdp/target.go:64.2,64.26 1 0
github.com/dsbissett/office-addin-mcp/internal/cdp/target.go:69.63,70.28 1 2
github.com/dsbissett/office-addin-mcp/internal/cdp/target.go:70.28,71.23 1 5
github.com/dsbissett/office-addin-mcp/internal/cdp/target.go:71.23,72.12 1 2
github.com/dsbissett/office-addin-mcp/internal/cdp/target.go:74.3,74.27 1 3
github.com/dsbissett/office-addin-mcp/internal/cdp/target.go:74.27,75.12 1 2
github.com/dsbissett/office-addin-mcp/internal/cdp/target.go:77.3,77.17 1 1
github.com/dsbissett/office-addin-mcp/internal/cdp/target.go:79.2,79.28 1 1
github.com/dsbissett/office-addin-mcp/internal/cdp/target.go:82.35,83.9 1 3
github.com/dsbissett/office-addin-mcp/internal/cdp/target.go:84.47,85.14 1 1
github.com/dsbissett/office-addin-mcp/internal/cdp/target.go:86.43,87.14 1 1
github.com/dsbissett/office-addin-mcp/internal/cdp/target.go:88.41,89.14 1 0
github.com/dsbissett/office-addin-mcp/internal/cdp/target.go:91.2,91.14 1 1
github.com/dsbissett/office-addin-mcp/internal/webview2/discover.go:52.66,53.26 1 3
github.com/dsbissett/office-addin-mcp/internal/webview2/discover.go:53.26,55.3 1 1
github.com/dsbissett/office-addin-mcp/internal/webview2/discover.go:56.2,56.26 1 2
github.com/dsbissett/office-addin-mcp/internal/webview2/discover.go:56.26,58.17 2 2
github.com/dsbissett/office-addin-mcp/internal/webview2/discover.go:58.17,60.4 1 1
github.com/dsbissett/office-addin-mcp/internal/webview2/discover.go:61.3,61.88 1 1
github.com/dsbissett/office-addin-mcp/internal/webview2/discover.go:63.2,63.76 1 0
github.com/dsbissett/office-addin-mcp/internal/webview2/discover.go:63.76,65.3 1 0
github.com/dsbissett/office-addin-mcp/internal/webview2/discover.go:66.2,66.49 1 0
github.com/dsbissett/office-addin-mcp/internal/webview2/discover.go:66.49,68.3 1 0
github.com/dsbissett/office-addin-mcp/internal/webview2/discover.go:69.2,69.32 1 0
github.com/dsbissett/office-addin-mcp/internal/webview2/scan_windows.go:29.61,31.16 2 0
github.com/dsbissett/office-addin-mcp/internal/webview2/scan_windows.go:31.16,33.3 1 0
github.com/dsbissett/office-addin-mcp/internal/webview2/scan_windows.go:34.2,34.54 1 0
github.com/dsbissett/office-addin-mcp/internal/webview2/scan_windows.go:34.54,39.18 5 0
github.com/dsbissett/office-addin-mcp/internal/webview2/scan_windows.go:39.18,41.4 1 0
github.com/dsbissett/office-addin-mcp/internal/webview2/scan_windows.go:43.2,43.32 1 0
github.com/dsbissett/office-addin-mcp/internal/webview2/scan_windows.go:49.68,60.16 5 0
github.com/dsbissett/office-addin-mcp/internal/webview2/scan_windows.go:60.16,62.3 1 0
github.com/dsbissett/office-addin-mcp/internal/webview2/scan_windows.go:63.2,63.25 1 0
github.com/dsbissett/office-addin-mcp/internal/webview2/scan_windows.go:74.51,78.28 4 3
github.com/dsbissett/office-addin-mcp/internal/webview2/scan_windows.go:78.28,80.40 2 6
github.com/dsbissett/office-addin-mcp/internal/webview2/scan_windows.go:80.40,81.12 1 2
github.com/dsbissett/office-addin-mcp/internal/webview2/scan_windows.go:83.3,83.14 1 4
github.com/dsbissett/office-addin-mcp/internal/webview2/scan_windows.go:83.14,84.12 1 1
github.com/dsbissett/office-addin-mcp/internal/webview2/scan_windows.go:86.3,87.27 2 3
github.com/dsbissett/office-addin-mcp/internal/webview2/scan_windows.go:89.2,89.14 1 3
github.com/dsbissett/office-addin-mcp/internal/session/eventbuf.go:43.37,44.14 1 10
github.com/dsbissett/office-addin-mcp/internal/session/eventbuf.go:44.14,46.3 1 0
github.com/dsbissett/office-addin-mcp/internal/session/eventbuf.go:47.2,47.28 1 10
github.com/dsbissett/office-addin-mcp/internal/session/eventbuf.go:51.36,52.14 1 1
github.com/dsbissett/office-addin-mcp/internal/session/eventbuf.go:52.14,54.3 1 0
github.com/dsbissett/office-addin-mcp/internal/session/eventbuf.go:55.2,58.23 4 1
github.com/dsbissett/office-addin-mcp/internal/session/eventbuf.go:58.23,60.3 1 1
github.com/dsbissett/office-addin-mcp/internal/session/eventbuf.go:64.30,68.2 3 1
github.com/dsbissett/office-addin-mcp/internal/session/eventbuf.go:71.68,81.26 5 36
github.com/dsbissett/office-addin-mcp/internal/session/eventbuf.go:81.26,85.3 2 5
github.com/dsbissett/office-addin-mcp/internal/session/eventbuf.go:85.8,87.3 1 31
github.com/dsbissett/office-addin-mcp/internal/session/eventbuf.go:88.2,88.16 1 36
github.com/dsbissett/office-addin-mcp/internal/session/eventbuf.go:95.54,99.22 4 9
github.com/dsbissett/office-addin-mcp/internal/session/eventbuf.go:99.22,102.3 2 1
github.com/dsbissett/office-addin-mcp/internal/session/eventbuf.go:103.2,104.51 2 8
github.com/dsbissett/office-addin-mcp/internal/session/eventbuf.go:104.51,106.3 1 1
github.com/dsbissett/office-addin-mcp/internal/session/eventbuf.go:107.2,108.16 2 8
github.com/dsbissett/office-addin-mcp/internal/session/eventbuf.go:108.16,110.3 1 7
github.com/dsbissett/office-addin-mcp/internal/session/eventbuf.go:111.2,111.27 1 8
github.com/dsbissett/office-addin-mcp/internal/session/eventbuf.go:111.27,112.29 1 26
github.com/dsbissett/office-addin-mcp/internal/session/eventbuf.go:112.29,113.12 1 7
github.com/dsbissett/office-addin-mcp/internal/session/eventbuf.go:115.3,116.32 2 19
github.com/dsbissett/office-addin-mcp/internal/session/eventbuf.go:116.32,117.9 1 6
github.com/dsbissett/office-addin-mcp/internal/session/eventbuf.go:120.2,120.26 1 8
github.com/dsbissett/office-addin-mcp/internal/session/eventbuf.go:120.26,122.3 1 7
github.com/dsbissett/office-addin-mcp/internal/session/eventbuf.go:122.8,124.3 1 1
github.com/dsbissett/office-addin-mcp/internal/session/eventbuf.go:125.2,125.12 1 8
github.com/dsbissett/office-addin-mcp/internal/session/eventbuf.go:130.28,134.2 3 1
github.com/dsbissett/office-addin-mcp/internal/session/eventbuf.go:138.45,141.15 3 2
github.com/dsbissett/office-addin-mcp/internal/session/eventbuf.go:141.15,143.3 1 1
github.com/dsbissett/office-addin-mcp/internal/session/eventbuf.go:144.2,145.13 2 1
github.com/dsbissett/office-addin-mcp/internal/session/eventbuf.go:176.87,179.24 3 4
github.com/dsbissett/office-addin-mcp/internal/session/eventbuf.go:179.24,181.3 1 2
github.com/dsbissett/office-addin-mcp/internal/session/eventbuf.go:182.2,184.9 3 4
github.com/dsbissett/office-addin-mcp/internal/session/eventbuf.go:184.9,188.3 3 3
github.com/dsbissett/office-addin-mcp/internal/session/eventbuf.go:189.2,189.33 1 1
github.com/dsbissett/office-addin-mcp/internal/session/eventbuf.go:189.33,191.3 1 0
github.com/dsbissett/office-addin-mcp/internal/session/eventbuf.go:192.2,192.12 1 1
github.com/dsbissett/office-addin-mcp/internal/session/eventbuf.go:198.90,201.2 2 0
github.com/dsbissett/office-addin-mcp/internal/session/manager.go:23.38,30.25 3 4
github.com/dsbissett/office-addin-mcp/internal/session/manager.go:30.25,32.3 1 1
github.com/dsbissett/office-addin-mcp/internal/session/manager.go:33.2,33.10 1 4
github.com/dsbissett/office-addin-mcp/internal/session/manager.go:38.43,39.14 1 8
github.com/dsbissett/office-addin-mcp/internal/session/manager.go:39.14,41.3 1 1
github.com/dsbissett/office-addin-mcp/internal/session/manager.go:42.2,45.9 4 8
github.com/dsbissett/office-addin-mcp/internal/session/manager.go:45.9,48.3 2 6
github.com/dsbissett/office-addin-mcp/internal/session/manager.go:49.2,49.10 1 8
github.com/dsbissett/office-addin-mcp/internal/session/manager.go:53.35,54.14 1 1
github.com/dsbissett/office-addin-mcp/internal/session/manager.go:54.14,56.3 1 0
github.com/dsbissett/office-addin-mcp/internal/session/manager.go:57.2,59.8 3 1
github.com/dsbissett/office-addin-mcp/internal/session/manager.go:59.8,61.3 1 1
github.com/dsbissett/office-addin-mcp/internal/session/manager.go:62.2,63.8 2 1
github.com/dsbissett/office-addin-mcp/internal/session/manager.go:63.8,65.3 1 1
github.com/dsbissett/office-addin-mcp/internal/session/manager.go:73.29,78.28 5 1
github.com/dsbissett/office-addin-mcp/internal/session/manager.go:78.28,80.3 1 1
github.com/dsbissett/office-addin-mcp/internal/session/manager.go:85.39,89.29 4 21
github.com/dsbissett/office-addin-mcp/internal/session/manager.go:89.29,91.3 1 20
github.com/dsbissett/office-addin-mcp/internal/session/manager.go:92.2,92.12 1 21
github.com/dsbissett/office-addin-mcp/internal/session/manager.go:96.27,97.25 1 4
github.com/dsbissett/office-addin-mcp/internal/session/manager.go:97.25,103.29 6 4
github.com/dsbissett/office-addin-mcp/internal/session/manager.go:103.29,105.4 1 3
github.com/dsbissett/office-addin-mcp/internal/session/manager.go:109.28,112.28 3 1
github.com/dsbissett/office-addin-mcp/internal/session/manager.go:112.28,114.3 1 1
github.com/dsbissett/office-addin-mcp/internal/session/manager.go:115.2,117.6 3 1
github.com/dsbissett/office-addin-mcp/internal/session/manager.go:117.6,118.10 1 2
github.com/dsbissett/office-addin-mcp/internal/session/manager.go:119.19,120.10 1 1
github.com/dsbissett/office-addin-mcp/internal/session/manager.go:121.14,122.14 1 1
github.com/dsbissett/office-addin-mcp/internal/session/manager.go:127.28,131.32 4 1
github.com/dsbissett/office-addin-mcp/internal/session/manager.go:131.32,132.60 1 1
github.com/dsbissett/office-addin-mcp/internal/session/manager.go:132.60,135.4 2 1
github.com/dsbissett/office-addin-mcp/internal/session/manager.go:137.2,138.26 2 1
github.com/dsbissett/office-addin-mcp/internal/session/manager.go:138.26,140.3 1 1
github.com/dsbissett/office-addin-mcp/internal/session/session.go:52.39,53.25 1 15
github.com/dsbissett/office-addin-mcp/internal/session/session.go:53.25,55.3 1 14
github.com/dsbissett/office-addin-mcp/internal/session/session.go:56.2,56.28 1 15
github.com/dsbissett/office-addin-mcp/internal/session/session.go:56.28,58.3 1 14
github.com/dsbissett/office-addin-mcp/internal/session/session.go:59.2,59.10 1 15
github.com/dsbissett/office-addin-mcp/internal/session/session.go:72.64,74.2 1 3
github.com/dsbissett/office-addin-mcp/internal/session/session.go:135.31,135.46 1 0
github.com/dsbissett/office-addin-mcp/internal/session/session.go:138.40,140.12 2 2
github.com/dsbissett/office-addin-mcp/internal/session/session.go:140.12,142.3 1 0
github.com/dsbissett/office-addin-mcp/internal/session/session.go:143.2,143.24 1 2
github.com/dsbissett/office-addin-mcp/internal/session/session.go:154.101,160.73 3 819
github.com/dsbissett/office-addin-mcp/internal/session/session.go:160.73,163.3 2 804
github.com/dsbissett/office-addin-mcp/internal/session/session.go:164.2,169.73 3 15
github.com/dsbissett/office-addin-mcp/internal/session/session.go:169.73,174.3 4 0
github.com/dsbissett/office-addin-mcp/internal/session/session.go:177.2,177.100 1 15
github.com/dsbissett/office-addin-mcp/internal/session/session.go:177.100,179.3 1 0
github.com/dsbissett/office-addin-mcp/internal/session/session.go:179.8,179.46 1 15
github.com/dsbissett/office-addin-mcp/internal/session/session.go:179.46,181.3 1 1
github.com/dsbissett/office-addin-mcp/internal/session/session.go:182.2,184.29 2 15
github.com/dsbissett/office-addin-mcp/internal/session/session.go:184.29,188.3 2 2
github.com/dsbissett/office-addin-mcp/internal/session/session.go:189.2,190.16 2 13
github.com/dsbissett/office-addin-mcp/internal/session/session.go:190.16,196.3 3 6
github.com/dsbissett/office-addin-mcp/internal/session/session.go:197.2,204.47 5 7
github.com/dsbissett/office-addin-mcp/internal/session/session.go:209.48,211.16 2 811
github.com/dsbissett/office-addin-mcp/internal/session/session.go:211.16,212.15 1 811
github.com/dsbissett/office-addin-mcp/internal/session/session.go:212.15,214.4 1 0
github.com/dsbissett/office-addin-mcp/internal/session/session.go:215.3,216.15 2 811
github.com/dsbissett/office-addin-mcp/internal/session/session.go:221.39,222.9 1 807
github.com/dsbissett/office-addin-mcp/internal/session/session.go:223.18,224.14 1 3
github.com/dsbissett/office-addin-mcp/internal/session/session.go:225.10,226.15 1 804
github.com/dsbissett/office-addin-mcp/internal/session/session.go:231.75,234.21 3 6
github.com/dsbissett/office-addin-mcp/internal/session/session.go:234.21,236.3 1 3
github.com/dsbissett/office-addin-mcp/internal/session/session.go:237.2,237.48 1 3
github.com/dsbissett/office-addin-mcp/internal/session/session.go:237.48,239.3 1 2
github.com/dsbissett/office-addin-mcp/internal/session/session.go:240.2,240.26 1 1
github.com/dsbissett/office-addin-mcp/internal/session/session.go:244.101,254.2 4 2
github.com/dsbissett/office-addin-mcp/internal/session/session.go:257.41,262.2 4 1
github.com/dsbissett/office-addin-mcp/internal/session/session.go:266.83,271.2 4 1
github.com/dsbissett/office-addin-mcp/internal/session/session.go:274.56,277.19 3 3
github.com/dsbissett/office-addin-mcp/internal/session/session.go:277.19,279.3 1 2
github.com/dsbissett/office-addin-mcp/internal/session/session.go:280.2,280.27 1 1
github.com/dsbissett/office-addin-mcp/internal/session/session.go:284.43,289.2 4 1
github.com/dsbissett/office-addin-mcp/internal/session/session.go:292.47,296.2 3 1
github.com/dsbissett/office-addin-mcp/internal/session/session.go:299.40,303.2 3 2
github.com/dsbissett/office-addin-mcp/internal/session/session.go:306.27,310.2 3 9
github.com/dsbissett/office-addin-mcp/internal/session/session.go:316.36,317.19 1 12
github.com/dsbissett/office-addin-mcp/internal/session/session.go:317.19,320.3 2 7
github.com/dsbissett/office-addin-mcp/internal/session/session.go:321.2,331.20 11 12
github.com/dsbissett/office-addin-mcp/internal/session/session.go:339.104,340.39 1 11
github.com/dsbissett/office-addin-mcp/internal/session/session.go:340.39,342.3 1 6
github.com/dsbissett/office-addin-mcp/internal/session/session.go:343.2,343.81 1 5
github.com/dsbissett/office-addin-mcp/internal/session/session.go:343.81,345.3 1 0
github.com/dsbissett/office-addin-mcp/internal/session/session.go:346.2,347.12 2 5
github.com/dsbissett/office-addin-mcp/internal/session/session.go:350.63,353.22 3 14
github.com/dsbissett/office-addin-mcp/internal/session/session.go:353.22,355.3 1 5
github.com/dsbissett/office-addin-mcp/internal/session/session.go:356.2,357.11 2 9
github.com/dsbissett/office-addin-mcp/internal/session/session.go:360.60,363.22 3 5
github.com/dsbissett/office-addin-mcp/internal/session/session.go:363.22,365.3 1 4
github.com/dsbissett/office-addin-mcp/internal/session/session.go:366.2,366.36 1 5
github.com/dsbissett/office-addin-mcp/internal/session/session.go:366.36,368.3 1 5
github.com/dsbissett/office-addin-mcp/internal/session/session.go:369.2,369.46 1 5
github.com/dsbissett/office-addin-mcp/internal/session/session.go:374.63,376.2 1 3
github.com/dsbissett/office-addin-mcp/internal/session/session.go:380.45,383.33 3 15
github.com/dsbissett/office-addin-mcp/internal/session/session.go:383.33,384.22 1 13
github.com/dsbissett/office-addin-mcp/internal/session/session.go:384.22,386.4 1 13
github.com/dsbissett/office-addin-mcp/internal/session/session.go:388.2,389.47 2 15
github.com/dsbissett/office-addin-mcp/internal/session/session.go:392.43,394.2 1 13
github.com/dsbissett/office-addin-mcp/internal/session/session.go:396.47,398.2 1 821
github.com/dsbissett/office-addin-mcp/internal/session/session.go:400.85,402.16 2 13
github.com/dsbissett/office-addin-mcp/internal/session/session.go:402.16,404.3 1 6
github.com/dsbissett/office-addin-mcp/internal/session/session.go:405.2,405.38 1 7
github.com/dsbissett/office-addin-mcp/cmd/office-addin-mcp/main.go:29.13,31.2 1 0
github.com/dsbissett/office-addin-mcp/cmd/office-addin-mcp/main.go:33.55,36.20 3 0
github.com/dsbissett/office-addin-mcp/cmd/office-addin-mcp/main.go:36.20,36.47 1 0
github.com/dsbissett/office-addin-mcp/cmd/office-addin-mcp/main.go:38.2,50.39 2 0
github.com/dsbissett/office-addin-mcp/cmd/office-addin-mcp/main.go:50.39,51.35 1 0
github.com/dsbissett/office-addin-mcp/cmd/office-addin-mcp/main.go:51.35,53.4 1 0
github.com/dsbissett/office-addin-mcp/cmd/office-addin-mcp/main.go:54.3,54.11 1 0
github.com/dsbissett/office-addin-mcp/cmd/office-addin-mcp/main.go:56.2,56.18 1 0
github.com/dsbissett/office-addin-mcp/cmd/office-addin-mcp/main.go:56.18,59.3 2 0
github.com/dsbissett/office-addin-mcp/cmd/office-addin-mcp/main.go:60.2,60.19 1 0
github.com/dsbissett/office-addin-mcp/cmd/office-addin-mcp/main.go:60.19,65.3 4 0
github.com/dsbissett/office-addin-mcp/cmd/office-addin-mcp/main.go:67.2,68.20 2 0
github.com/dsbissett/office-addin-mcp/cmd/office-addin-mcp/main.go:68.20,70.17 2 0
github.com/dsbissett/office-addin-mcp/cmd/office-addin-mcp/main.go:70.17,73.4 2 0
github.com/dsbissett/office-addin-mcp/cmd/office-addin-mcp/main.go:74.3,74.16 1 0
github.com/dsbissett/office-addin-mcp/cmd/office-addin-mcp/main.go:74.16,74.33 1 0
github.com/dsbissett/office-addin-mcp/cmd/office-addin-mcp/main.go:75.3,75.14 1 0
github.com/dsbissett/office-addin-mcp/cmd/office-addin-mcp/main.go:78.2,79.16 2 0
github.com/dsbissett/office-addin-mcp/cmd/office-addin-mcp/main.go:79.16,82.3 2 0
github.com/dsbissett/office-addin-mcp/cmd/office-addin-mcp/main.go:83.2,99.94 9 0
github.com/dsbissett/office-addin-mcp/cmd/office-addin-mcp/main.go:99.94,100.56 1 0
github.com/dsbissett/office-addin-mcp/cmd/office-addin-mcp/main.go:100.56,102.4 1 0
github.com/dsbissett/office-addin-mcp/cmd/office-addin-mcp/main.go:102.9,102.28 1 0
github.com/dsbissett/office-addin-mcp/cmd/office-addin-mcp/main.go:102.28,105.4 2 0
github.com/dsbissett/office-addin-mcp/cmd/office-addin-mcp/main.go:109.2,110.70 2 0
github.com/dsbissett/office-addin-mcp/cmd/office-addin-mcp/main.go:110.70,112.3 1 0
github.com/dsbissett/office-addin-mcp/cmd/office-addin-mcp/main.go:112.8,114.3 1 0
github.com/dsbissett/office-addin-mcp/cmd/office-addin-mcp/main.go:116.2,127.37 2 0
github.com/dsbissett/office-addin-mcp/cmd/office-addin-mcp/main.go:127.37,130.3 2 0
github.com/dsbissett/office-addin-mcp/cmd/office-addin-mcp/main.go:131.2,131.10 1 0
github.com/dsbissett/office-addin-mcp/cmd/office-addin-mcp/main.go:134.59,136.16 2 0
github.com/dsbissett/office-addin-mcp/cmd/office-addin-mcp/main.go:136.16,138.3 1 0
github.com/dsbissett/office-addin-mcp/cmd/office-addin-mcp/main.go:139.2,140.16 2 0
github.com/dsbissett/office-addin-mcp/cmd/office-addin-mcp/main.go:140.16,142.3 1 0
github.com/dsbissett/office-addin-mcp/cmd/office-addin-mcp/main.go:143.2,144.16 2 0
github.com/dsbissett/office-addin-mcp/cmd/office-addin-mcp/main.go:144.16,146.3 1 0
github.com/dsbissett/office-addin-mcp/cmd/office-addin-mcp/main.go:147.2,147.24 1 0
github.com/dsbissett/office-addin-mcp/cmd/office-addin-mcp/main.go:150.50,151.47 1 0
github.com/dsbissett/office-addin-mcp/cmd/office-addin-mcp/main.go:152.15,153.30 1 0
github.com/dsbissett/office-addin-mcp/cmd/office-addin-mcp/main.go:154.18,155.29 1 0
github.com/dsbissett/office-addin-mcp/cmd/office-addin-mcp/main.go:156.25,157.29 1 0
github.com/dsbissett/office-addin-mcp/cmd/office-addin-mcp/main.go:158.15,159.30 1 0
github.com/dsbissett/office-addin-mcp/cmd/office-addin-mcp/main.go:161.2,161.80 1 0
github.com/dsbissett/office-addin-mcp/cmd/office-addin-mcp/main.go:164.35,165.25 1 0
github.com/dsbissett/office-addin-mcp/cmd/office-addin-mcp/main.go:166.34,167.14 1 0
github.com/dsbissett/office-addin-mcp/cmd/office-addin-mcp/main.go:169.2,169.14 1 0
github.com/dsbissett/office-addin-mcp/cmd/office-addin-mcp/main.go:172.30,188.2 15 0
